CRITICAL - 2023-11-10 18:58:27 --> Undefined variable $infoCs
in APPPATH\Views\admin\mostrarR.php on line 12.
 1 APPPATH\Views\admin\mostrarR.php(12): CodeIgniter\Debug\Exceptions->errorHandler(2, 'Undefined variable $infoCs', 'C:\\Users\\tailo\\OneDrive\\Escritorio\\proyecto\\app\\Views\\admin\\mostrarR.php', 12)
 2 SYSTEMPATH\View\View.php(226): include('C:\\Users\\tailo\\OneDrive\\Escritorio\\proyecto\\app\\Views\\admin\\mostrarR.php')
 3 SYSTEMPATH\View\View.php(229): CodeIgniter\View\View->CodeIgniter\View\{closure}()
 4 SYSTEMPATH\Common.php(1188): CodeIgniter\View\View->render('admin/mostrarR', [], true)
 5 APPPATH\Controllers\Admin.php(19): view('admin/mostrarR')
 6 SYSTEMPATH\CodeIgniter.php(919): App\Controllers\Admin->mostrarInicio()
 7 SYSTEMPATH\CodeIgniter.php(494): CodeIgniter\CodeIgniter->runController(Object(App\Controllers\Admin))
 8 SYSTEMPATH\CodeIgniter.php(353): CodeIgniter\CodeIgniter->handleRequest(null, Object(Config\Cache), false)
 9 FCPATH\index.php(79): CodeIgniter\CodeIgniter->run()
10 SYSTEMPATH\Commands\Server\rewrite.php(47): require_once('C:\\Users\\tailo\\OneDrive\\Escritorio\\proyecto\\public\\index.php')
CRITICAL - 2023-11-10 19:01:26 --> Undefined variable $infoCs
in APPPATH\Views\admin\mostrarR.php on line 13.
 1 APPPATH\Views\admin\mostrarR.php(13): CodeIgniter\Debug\Exceptions->errorHandler(2, 'Undefined variable $infoCs', 'C:\\Users\\tailo\\OneDrive\\Escritorio\\proyecto\\app\\Views\\admin\\mostrarR.php', 13)
 2 SYSTEMPATH\View\View.php(226): include('C:\\Users\\tailo\\OneDrive\\Escritorio\\proyecto\\app\\Views\\admin\\mostrarR.php')
 3 SYSTEMPATH\View\View.php(229): CodeIgniter\View\View->CodeIgniter\View\{closure}()
 4 SYSTEMPATH\Common.php(1188): CodeIgniter\View\View->render('admin/mostrarR', [], true)
 5 APPPATH\Controllers\Admin.php(19): view('admin/mostrarR')
 6 SYSTEMPATH\CodeIgniter.php(919): App\Controllers\Admin->mostrarInicio()
 7 SYSTEMPATH\CodeIgniter.php(494): CodeIgniter\CodeIgniter->runController(Object(App\Controllers\Admin))
 8 SYSTEMPATH\CodeIgniter.php(353): CodeIgniter\CodeIgniter->handleRequest(null, Object(Config\Cache), false)
 9 FCPATH\index.php(79): CodeIgniter\CodeIgniter->run()
10 SYSTEMPATH\Commands\Server\rewrite.php(47): require_once('C:\\Users\\tailo\\OneDrive\\Escritorio\\proyecto\\public\\index.php')
CRITICAL - 2023-11-10 19:05:48 --> Undefined variable $infoCs
in APPPATH\Views\admin\mostrarR.php on line 13.
 1 APPPATH\Views\admin\mostrarR.php(13): CodeIgniter\Debug\Exceptions->errorHandler(2, 'Undefined variable $infoCs', 'C:\\Users\\tailo\\OneDrive\\Escritorio\\proyecto\\app\\Views\\admin\\mostrarR.php', 13)
 2 SYSTEMPATH\View\View.php(226): include('C:\\Users\\tailo\\OneDrive\\Escritorio\\proyecto\\app\\Views\\admin\\mostrarR.php')
 3 SYSTEMPATH\View\View.php(229): CodeIgniter\View\View->CodeIgniter\View\{closure}()
 4 SYSTEMPATH\Common.php(1188): CodeIgniter\View\View->render('admin/mostrarR', [], true)
 5 APPPATH\Controllers\Admin.php(19): view('admin/mostrarR')
 6 SYSTEMPATH\CodeIgniter.php(919): App\Controllers\Admin->mostrarInicio()
 7 SYSTEMPATH\CodeIgniter.php(494): CodeIgniter\CodeIgniter->runController(Object(App\Controllers\Admin))
 8 SYSTEMPATH\CodeIgniter.php(353): CodeIgniter\CodeIgniter->handleRequest(null, Object(Config\Cache), false)
 9 FCPATH\index.php(79): CodeIgniter\CodeIgniter->run()
10 SYSTEMPATH\Commands\Server\rewrite.php(47): require_once('C:\\Users\\tailo\\OneDrive\\Escritorio\\proyecto\\public\\index.php')
CRITICAL - 2023-11-10 19:06:22 --> Undefined variable $infoc
in APPPATH\Views\admin\mostrarR.php on line 13.
 1 APPPATH\Views\admin\mostrarR.php(13): CodeIgniter\Debug\Exceptions->errorHandler(2, 'Undefined variable $infoc', 'C:\\Users\\tailo\\OneDrive\\Escritorio\\proyecto\\app\\Views\\admin\\mostrarR.php', 13)
 2 SYSTEMPATH\View\View.php(226): include('C:\\Users\\tailo\\OneDrive\\Escritorio\\proyecto\\app\\Views\\admin\\mostrarR.php')
 3 SYSTEMPATH\View\View.php(229): CodeIgniter\View\View->CodeIgniter\View\{closure}()
 4 SYSTEMPATH\Common.php(1188): CodeIgniter\View\View->render('admin/mostrarR', [], true)
 5 APPPATH\Controllers\Admin.php(19): view('admin/mostrarR')
 6 SYSTEMPATH\CodeIgniter.php(919): App\Controllers\Admin->mostrarInicio()
 7 SYSTEMPATH\CodeIgniter.php(494): CodeIgniter\CodeIgniter->runController(Object(App\Controllers\Admin))
 8 SYSTEMPATH\CodeIgniter.php(353): CodeIgniter\CodeIgniter->handleRequest(null, Object(Config\Cache), false)
 9 FCPATH\index.php(79): CodeIgniter\CodeIgniter->run()
10 SYSTEMPATH\Commands\Server\rewrite.php(47): require_once('C:\\Users\\tailo\\OneDrive\\Escritorio\\proyecto\\public\\index.php')
CRITICAL - 2023-11-10 19:16:24 --> Undefined variable $reps
in APPPATH\Views\admin\mostrarR.php on line 13.
 1 APPPATH\Views\admin\mostrarR.php(13): CodeIgniter\Debug\Exceptions->errorHandler(2, 'Undefined variable $reps', 'C:\\Users\\tailo\\OneDrive\\Escritorio\\proyecto\\app\\Views\\admin\\mostrarR.php', 13)
 2 SYSTEMPATH\View\View.php(226): include('C:\\Users\\tailo\\OneDrive\\Escritorio\\proyecto\\app\\Views\\admin\\mostrarR.php')
 3 SYSTEMPATH\View\View.php(229): CodeIgniter\View\View->CodeIgniter\View\{closure}()
 4 SYSTEMPATH\Common.php(1188): CodeIgniter\View\View->render('admin/mostrarR', [], true)
 5 APPPATH\Controllers\Admin.php(25): view('admin/mostrarR')
 6 SYSTEMPATH\CodeIgniter.php(919): App\Controllers\Admin->mostrarInicio()
 7 SYSTEMPATH\CodeIgniter.php(494): CodeIgniter\CodeIgniter->runController(Object(App\Controllers\Admin))
 8 SYSTEMPATH\CodeIgniter.php(353): CodeIgniter\CodeIgniter->handleRequest(null, Object(Config\Cache), false)
 9 FCPATH\index.php(79): CodeIgniter\CodeIgniter->run()
10 SYSTEMPATH\Commands\Server\rewrite.php(47): require_once('C:\\Users\\tailo\\OneDrive\\Escritorio\\proyecto\\public\\index.php')
CRITICAL - 2023-11-10 19:16:38 --> Undefined variable $reps
in APPPATH\Views\admin\mostrarR.php on line 13.
 1 APPPATH\Views\admin\mostrarR.php(13): CodeIgniter\Debug\Exceptions->errorHandler(2, 'Undefined variable $reps', 'C:\\Users\\tailo\\OneDrive\\Escritorio\\proyecto\\app\\Views\\admin\\mostrarR.php', 13)
 2 SYSTEMPATH\View\View.php(226): include('C:\\Users\\tailo\\OneDrive\\Escritorio\\proyecto\\app\\Views\\admin\\mostrarR.php')
 3 SYSTEMPATH\View\View.php(229): CodeIgniter\View\View->CodeIgniter\View\{closure}()
 4 SYSTEMPATH\Common.php(1188): CodeIgniter\View\View->render('admin/mostrarR', [], true)
 5 APPPATH\Controllers\Admin.php(25): view('admin/mostrarR')
 6 SYSTEMPATH\CodeIgniter.php(919): App\Controllers\Admin->mostrarInicio()
 7 SYSTEMPATH\CodeIgniter.php(494): CodeIgniter\CodeIgniter->runController(Object(App\Controllers\Admin))
 8 SYSTEMPATH\CodeIgniter.php(353): CodeIgniter\CodeIgniter->handleRequest(null, Object(Config\Cache), false)
 9 FCPATH\index.php(79): CodeIgniter\CodeIgniter->run()
10 SYSTEMPATH\Commands\Server\rewrite.php(47): require_once('C:\\Users\\tailo\\OneDrive\\Escritorio\\proyecto\\public\\index.php')
CRITICAL - 2023-11-10 19:16:59 --> Undefined variable $reps
in APPPATH\Views\admin\mostrarR.php on line 13.
 1 APPPATH\Views\admin\mostrarR.php(13): CodeIgniter\Debug\Exceptions->errorHandler(2, 'Undefined variable $reps', 'C:\\Users\\tailo\\OneDrive\\Escritorio\\proyecto\\app\\Views\\admin\\mostrarR.php', 13)
 2 SYSTEMPATH\View\View.php(226): include('C:\\Users\\tailo\\OneDrive\\Escritorio\\proyecto\\app\\Views\\admin\\mostrarR.php')
 3 SYSTEMPATH\View\View.php(229): CodeIgniter\View\View->CodeIgniter\View\{closure}()
 4 SYSTEMPATH\Common.php(1188): CodeIgniter\View\View->render('admin/mostrarR', [], true)
 5 APPPATH\Controllers\Admin.php(25): view('admin/mostrarR')
 6 SYSTEMPATH\CodeIgniter.php(919): App\Controllers\Admin->mostrarInicio()
 7 SYSTEMPATH\CodeIgniter.php(494): CodeIgniter\CodeIgniter->runController(Object(App\Controllers\Admin))
 8 SYSTEMPATH\CodeIgniter.php(353): CodeIgniter\CodeIgniter->handleRequest(null, Object(Config\Cache), false)
 9 FCPATH\index.php(79): CodeIgniter\CodeIgniter->run()
10 SYSTEMPATH\Commands\Server\rewrite.php(47): require_once('C:\\Users\\tailo\\OneDrive\\Escritorio\\proyecto\\public\\index.php')
CRITICAL - 2023-11-10 19:17:00 --> Undefined variable $reps
in APPPATH\Views\admin\mostrarR.php on line 13.
 1 APPPATH\Views\admin\mostrarR.php(13): CodeIgniter\Debug\Exceptions->errorHandler(2, 'Undefined variable $reps', 'C:\\Users\\tailo\\OneDrive\\Escritorio\\proyecto\\app\\Views\\admin\\mostrarR.php', 13)
 2 SYSTEMPATH\View\View.php(226): include('C:\\Users\\tailo\\OneDrive\\Escritorio\\proyecto\\app\\Views\\admin\\mostrarR.php')
 3 SYSTEMPATH\View\View.php(229): CodeIgniter\View\View->CodeIgniter\View\{closure}()
 4 SYSTEMPATH\Common.php(1188): CodeIgniter\View\View->render('admin/mostrarR', [], true)
 5 APPPATH\Controllers\Admin.php(25): view('admin/mostrarR')
 6 SYSTEMPATH\CodeIgniter.php(919): App\Controllers\Admin->mostrarInicio()
 7 SYSTEMPATH\CodeIgniter.php(494): CodeIgniter\CodeIgniter->runController(Object(App\Controllers\Admin))
 8 SYSTEMPATH\CodeIgniter.php(353): CodeIgniter\CodeIgniter->handleRequest(null, Object(Config\Cache), false)
 9 FCPATH\index.php(79): CodeIgniter\CodeIgniter->run()
10 SYSTEMPATH\Commands\Server\rewrite.php(47): require_once('C:\\Users\\tailo\\OneDrive\\Escritorio\\proyecto\\public\\index.php')
CRITICAL - 2023-11-10 19:18:24 --> Undefined variable $reps
in APPPATH\Views\admin\mostrarR.php on line 13.
 1 APPPATH\Views\admin\mostrarR.php(13): CodeIgniter\Debug\Exceptions->errorHandler(2, 'Undefined variable $reps', 'C:\\Users\\tailo\\OneDrive\\Escritorio\\proyecto\\app\\Views\\admin\\mostrarR.php', 13)
 2 SYSTEMPATH\View\View.php(226): include('C:\\Users\\tailo\\OneDrive\\Escritorio\\proyecto\\app\\Views\\admin\\mostrarR.php')
 3 SYSTEMPATH\View\View.php(229): CodeIgniter\View\View->CodeIgniter\View\{closure}()
 4 SYSTEMPATH\Common.php(1188): CodeIgniter\View\View->render('admin/mostrarR', [], true)
 5 APPPATH\Controllers\Admin.php(23): view('admin/mostrarR')
 6 SYSTEMPATH\CodeIgniter.php(919): App\Controllers\Admin->mostrarInicio()
 7 SYSTEMPATH\CodeIgniter.php(494): CodeIgniter\CodeIgniter->runController(Object(App\Controllers\Admin))
 8 SYSTEMPATH\CodeIgniter.php(353): CodeIgniter\CodeIgniter->handleRequest(null, Object(Config\Cache), false)
 9 FCPATH\index.php(79): CodeIgniter\CodeIgniter->run()
10 SYSTEMPATH\Commands\Server\rewrite.php(47): require_once('C:\\Users\\tailo\\OneDrive\\Escritorio\\proyecto\\public\\index.php')
CRITICAL - 2023-11-10 19:18:37 --> Undefined variable $reps
in APPPATH\Views\admin\mostrarR.php on line 13.
 1 APPPATH\Views\admin\mostrarR.php(13): CodeIgniter\Debug\Exceptions->errorHandler(2, 'Undefined variable $reps', 'C:\\Users\\tailo\\OneDrive\\Escritorio\\proyecto\\app\\Views\\admin\\mostrarR.php', 13)
 2 SYSTEMPATH\View\View.php(226): include('C:\\Users\\tailo\\OneDrive\\Escritorio\\proyecto\\app\\Views\\admin\\mostrarR.php')
 3 SYSTEMPATH\View\View.php(229): CodeIgniter\View\View->CodeIgniter\View\{closure}()
 4 SYSTEMPATH\Common.php(1188): CodeIgniter\View\View->render('admin/mostrarR', [], true)
 5 APPPATH\Controllers\Admin.php(23): view('admin/mostrarR')
 6 SYSTEMPATH\CodeIgniter.php(919): App\Controllers\Admin->mostrarInicio()
 7 SYSTEMPATH\CodeIgniter.php(494): CodeIgniter\CodeIgniter->runController(Object(App\Controllers\Admin))
 8 SYSTEMPATH\CodeIgniter.php(353): CodeIgniter\CodeIgniter->handleRequest(null, Object(Config\Cache), false)
 9 FCPATH\index.php(79): CodeIgniter\CodeIgniter->run()
10 SYSTEMPATH\Commands\Server\rewrite.php(47): require_once('C:\\Users\\tailo\\OneDrive\\Escritorio\\proyecto\\public\\index.php')
CRITICAL - 2023-11-10 19:21:58 --> Undefined variable $repartidores
in APPPATH\Views\admin\mostrarR.php on line 13.
 1 APPPATH\Views\admin\mostrarR.php(13): CodeIgniter\Debug\Exceptions->errorHandler(2, 'Undefined variable $repartidores', 'C:\\Users\\tailo\\OneDrive\\Escritorio\\proyecto\\app\\Views\\admin\\mostrarR.php', 13)
 2 SYSTEMPATH\View\View.php(226): include('C:\\Users\\tailo\\OneDrive\\Escritorio\\proyecto\\app\\Views\\admin\\mostrarR.php')
 3 SYSTEMPATH\View\View.php(229): CodeIgniter\View\View->CodeIgniter\View\{closure}()
 4 SYSTEMPATH\Common.php(1188): CodeIgniter\View\View->render('admin/mostrarR', [], true)
 5 APPPATH\Controllers\Admin.php(23): view('admin/mostrarR')
 6 SYSTEMPATH\CodeIgniter.php(919): App\Controllers\Admin->mostrarInicio()
 7 SYSTEMPATH\CodeIgniter.php(494): CodeIgniter\CodeIgniter->runController(Object(App\Controllers\Admin))
 8 SYSTEMPATH\CodeIgniter.php(353): CodeIgniter\CodeIgniter->handleRequest(null, Object(Config\Cache), false)
 9 FCPATH\index.php(79): CodeIgniter\CodeIgniter->run()
10 SYSTEMPATH\Commands\Server\rewrite.php(47): require_once('C:\\Users\\tailo\\OneDrive\\Escritorio\\proyecto\\public\\index.php')
CRITICAL - 2023-11-10 19:22:09 --> Undefined variable $repartidores
in APPPATH\Views\admin\mostrarR.php on line 13.
 1 APPPATH\Views\admin\mostrarR.php(13): CodeIgniter\Debug\Exceptions->errorHandler(2, 'Undefined variable $repartidores', 'C:\\Users\\tailo\\OneDrive\\Escritorio\\proyecto\\app\\Views\\admin\\mostrarR.php', 13)
 2 SYSTEMPATH\View\View.php(226): include('C:\\Users\\tailo\\OneDrive\\Escritorio\\proyecto\\app\\Views\\admin\\mostrarR.php')
 3 SYSTEMPATH\View\View.php(229): CodeIgniter\View\View->CodeIgniter\View\{closure}()
 4 SYSTEMPATH\Common.php(1188): CodeIgniter\View\View->render('admin/mostrarR', [], true)
 5 APPPATH\Controllers\Admin.php(23): view('admin/mostrarR')
 6 SYSTEMPATH\CodeIgniter.php(919): App\Controllers\Admin->mostrarInicio()
 7 SYSTEMPATH\CodeIgniter.php(494): CodeIgniter\CodeIgniter->runController(Object(App\Controllers\Admin))
 8 SYSTEMPATH\CodeIgniter.php(353): CodeIgniter\CodeIgniter->handleRequest(null, Object(Config\Cache), false)
 9 FCPATH\index.php(79): CodeIgniter\CodeIgniter->run()
10 SYSTEMPATH\Commands\Server\rewrite.php(47): require_once('C:\\Users\\tailo\\OneDrive\\Escritorio\\proyecto\\public\\index.php')
ERROR - 2023-11-10 19:46:55 --> mysqli_sql_exception: You have an error in your SQL syntax; check the manual that corresponds to your MariaDB server version for the right syntax to use near 'FROM infoC, carro 
        where infoC.idC = carro.idC' at line 2 in C:\Users\tailo\OneDrive\Escritorio\proyecto\system\Database\MySQLi\Connection.php:306
Stack trace:
#0 C:\Users\tailo\OneDrive\Escritorio\proyecto\system\Database\MySQLi\Connection.php(306): mysqli->query('SELECT infoC.*,...', 0)
#1 C:\Users\tailo\OneDrive\Escritorio\proyecto\system\Database\BaseConnection.php(692): CodeIgniter\Database\MySQLi\Connection->execute('SELECT infoC.*,...')
#2 C:\Users\tailo\OneDrive\Escritorio\proyecto\system\Database\BaseConnection.php(606): CodeIgniter\Database\BaseConnection->simpleQuery('SELECT infoC.*,...')
#3 C:\Users\tailo\OneDrive\Escritorio\proyecto\app\Controllers\Admin.php(21): CodeIgniter\Database\BaseConnection->query('SELECT infoC.*,...')
#4 C:\Users\tailo\OneDrive\Escritorio\proyecto\system\CodeIgniter.php(919): App\Controllers\Admin->mostrarInicio()
#5 C:\Users\tailo\OneDrive\Escritorio\proyecto\system\CodeIgniter.php(494): CodeIgniter\CodeIgniter->runController(Object(App\Controllers\Admin))
#6 C:\Users\tailo\OneDrive\Escritorio\proyecto\system\CodeIgniter.php(353): CodeIgniter\CodeIgniter->handleRequest(NULL, Object(Config\Cache), false)
#7 C:\Users\tailo\OneDrive\Escritorio\proyecto\public\index.php(79): CodeIgniter\CodeIgniter->run()
#8 C:\Users\tailo\OneDrive\Escritorio\proyecto\system\Commands\Server\rewrite.php(47): require_once('C:\\Users\\tailo\\...')
#9 {main}
CRITICAL - 2023-11-10 19:46:55 --> You have an error in your SQL syntax; check the manual that corresponds to your MariaDB server version for the right syntax to use near 'FROM infoC, carro 
        where infoC.idC = carro.idC' at line 2
in SYSTEMPATH\Database\BaseConnection.php on line 646.
 1 APPPATH\Controllers\Admin.php(21): CodeIgniter\Database\BaseConnection->query('SELECT infoC.*, carro.marca, 
        FROM infoC, carro 
        where infoC.idC = carro.idC')
 2 SYSTEMPATH\CodeIgniter.php(919): App\Controllers\Admin->mostrarInicio()
 3 SYSTEMPATH\CodeIgniter.php(494): CodeIgniter\CodeIgniter->runController(Object(App\Controllers\Admin))
 4 SYSTEMPATH\CodeIgniter.php(353): CodeIgniter\CodeIgniter->handleRequest(null, Object(Config\Cache), false)
 5 FCPATH\index.php(79): CodeIgniter\CodeIgniter->run()
 6 SYSTEMPATH\Commands\Server\rewrite.php(47): require_once('C:\\Users\\tailo\\OneDrive\\Escritorio\\proyecto\\public\\index.php')
ERROR - 2023-11-10 19:49:04 --> mysqli_sql_exception: You have an error in your SQL syntax; check the manual that corresponds to your MariaDB server version for the right syntax to use near 'FROM infoC, carro 
        where infoC.idC = carro.idC' at line 2 in C:\Users\tailo\OneDrive\Escritorio\proyecto\system\Database\MySQLi\Connection.php:306
Stack trace:
#0 C:\Users\tailo\OneDrive\Escritorio\proyecto\system\Database\MySQLi\Connection.php(306): mysqli->query('SELECT infoC.*,...', 0)
#1 C:\Users\tailo\OneDrive\Escritorio\proyecto\system\Database\BaseConnection.php(692): CodeIgniter\Database\MySQLi\Connection->execute('SELECT infoC.*,...')
#2 C:\Users\tailo\OneDrive\Escritorio\proyecto\system\Database\BaseConnection.php(606): CodeIgniter\Database\BaseConnection->simpleQuery('SELECT infoC.*,...')
#3 C:\Users\tailo\OneDrive\Escritorio\proyecto\app\Controllers\Admin.php(21): CodeIgniter\Database\BaseConnection->query('SELECT infoC.*,...')
#4 C:\Users\tailo\OneDrive\Escritorio\proyecto\system\CodeIgniter.php(919): App\Controllers\Admin->mostrarInicio()
#5 C:\Users\tailo\OneDrive\Escritorio\proyecto\system\CodeIgniter.php(494): CodeIgniter\CodeIgniter->runController(Object(App\Controllers\Admin))
#6 C:\Users\tailo\OneDrive\Escritorio\proyecto\system\CodeIgniter.php(353): CodeIgniter\CodeIgniter->handleRequest(NULL, Object(Config\Cache), false)
#7 C:\Users\tailo\OneDrive\Escritorio\proyecto\public\index.php(79): CodeIgniter\CodeIgniter->run()
#8 C:\Users\tailo\OneDrive\Escritorio\proyecto\system\Commands\Server\rewrite.php(47): require_once('C:\\Users\\tailo\\...')
#9 {main}
CRITICAL - 2023-11-10 19:49:04 --> You have an error in your SQL syntax; check the manual that corresponds to your MariaDB server version for the right syntax to use near 'FROM infoC, carro 
        where infoC.idC = carro.idC' at line 2
in SYSTEMPATH\Database\BaseConnection.php on line 646.
 1 APPPATH\Controllers\Admin.php(21): CodeIgniter\Database\BaseConnection->query('SELECT infoC.*, carro.*, 
        FROM infoC, carro 
        where infoC.idC = carro.idC')
 2 SYSTEMPATH\CodeIgniter.php(919): App\Controllers\Admin->mostrarInicio()
 3 SYSTEMPATH\CodeIgniter.php(494): CodeIgniter\CodeIgniter->runController(Object(App\Controllers\Admin))
 4 SYSTEMPATH\CodeIgniter.php(353): CodeIgniter\CodeIgniter->handleRequest(null, Object(Config\Cache), false)
 5 FCPATH\index.php(79): CodeIgniter\CodeIgniter->run()
 6 SYSTEMPATH\Commands\Server\rewrite.php(47): require_once('C:\\Users\\tailo\\OneDrive\\Escritorio\\proyecto\\public\\index.php')
ERROR - 2023-11-10 19:49:06 --> mysqli_sql_exception: You have an error in your SQL syntax; check the manual that corresponds to your MariaDB server version for the right syntax to use near 'FROM infoC, carro 
        where infoC.idC = carro.idC' at line 2 in C:\Users\tailo\OneDrive\Escritorio\proyecto\system\Database\MySQLi\Connection.php:306
Stack trace:
#0 C:\Users\tailo\OneDrive\Escritorio\proyecto\system\Database\MySQLi\Connection.php(306): mysqli->query('SELECT infoC.*,...', 0)
#1 C:\Users\tailo\OneDrive\Escritorio\proyecto\system\Database\BaseConnection.php(692): CodeIgniter\Database\MySQLi\Connection->execute('SELECT infoC.*,...')
#2 C:\Users\tailo\OneDrive\Escritorio\proyecto\system\Database\BaseConnection.php(606): CodeIgniter\Database\BaseConnection->simpleQuery('SELECT infoC.*,...')
#3 C:\Users\tailo\OneDrive\Escritorio\proyecto\app\Controllers\Admin.php(21): CodeIgniter\Database\BaseConnection->query('SELECT infoC.*,...')
#4 C:\Users\tailo\OneDrive\Escritorio\proyecto\system\CodeIgniter.php(919): App\Controllers\Admin->mostrarInicio()
#5 C:\Users\tailo\OneDrive\Escritorio\proyecto\system\CodeIgniter.php(494): CodeIgniter\CodeIgniter->runController(Object(App\Controllers\Admin))
#6 C:\Users\tailo\OneDrive\Escritorio\proyecto\system\CodeIgniter.php(353): CodeIgniter\CodeIgniter->handleRequest(NULL, Object(Config\Cache), false)
#7 C:\Users\tailo\OneDrive\Escritorio\proyecto\public\index.php(79): CodeIgniter\CodeIgniter->run()
#8 C:\Users\tailo\OneDrive\Escritorio\proyecto\system\Commands\Server\rewrite.php(47): require_once('C:\\Users\\tailo\\...')
#9 {main}
CRITICAL - 2023-11-10 19:49:06 --> You have an error in your SQL syntax; check the manual that corresponds to your MariaDB server version for the right syntax to use near 'FROM infoC, carro 
        where infoC.idC = carro.idC' at line 2
in SYSTEMPATH\Database\BaseConnection.php on line 646.
 1 APPPATH\Controllers\Admin.php(21): CodeIgniter\Database\BaseConnection->query('SELECT infoC.*, carro.*, 
        FROM infoC, carro 
        where infoC.idC = carro.idC')
 2 SYSTEMPATH\CodeIgniter.php(919): App\Controllers\Admin->mostrarInicio()
 3 SYSTEMPATH\CodeIgniter.php(494): CodeIgniter\CodeIgniter->runController(Object(App\Controllers\Admin))
 4 SYSTEMPATH\CodeIgniter.php(353): CodeIgniter\CodeIgniter->handleRequest(null, Object(Config\Cache), false)
 5 FCPATH\index.php(79): CodeIgniter\CodeIgniter->run()
 6 SYSTEMPATH\Commands\Server\rewrite.php(47): require_once('C:\\Users\\tailo\\OneDrive\\Escritorio\\proyecto\\public\\index.php')
ERROR - 2023-11-10 19:49:06 --> mysqli_sql_exception: You have an error in your SQL syntax; check the manual that corresponds to your MariaDB server version for the right syntax to use near 'FROM infoC, carro 
        where infoC.idC = carro.idC' at line 2 in C:\Users\tailo\OneDrive\Escritorio\proyecto\system\Database\MySQLi\Connection.php:306
Stack trace:
#0 C:\Users\tailo\OneDrive\Escritorio\proyecto\system\Database\MySQLi\Connection.php(306): mysqli->query('SELECT infoC.*,...', 0)
#1 C:\Users\tailo\OneDrive\Escritorio\proyecto\system\Database\BaseConnection.php(692): CodeIgniter\Database\MySQLi\Connection->execute('SELECT infoC.*,...')
#2 C:\Users\tailo\OneDrive\Escritorio\proyecto\system\Database\BaseConnection.php(606): CodeIgniter\Database\BaseConnection->simpleQuery('SELECT infoC.*,...')
#3 C:\Users\tailo\OneDrive\Escritorio\proyecto\app\Controllers\Admin.php(21): CodeIgniter\Database\BaseConnection->query('SELECT infoC.*,...')
#4 C:\Users\tailo\OneDrive\Escritorio\proyecto\system\CodeIgniter.php(919): App\Controllers\Admin->mostrarInicio()
#5 C:\Users\tailo\OneDrive\Escritorio\proyecto\system\CodeIgniter.php(494): CodeIgniter\CodeIgniter->runController(Object(App\Controllers\Admin))
#6 C:\Users\tailo\OneDrive\Escritorio\proyecto\system\CodeIgniter.php(353): CodeIgniter\CodeIgniter->handleRequest(NULL, Object(Config\Cache), false)
#7 C:\Users\tailo\OneDrive\Escritorio\proyecto\public\index.php(79): CodeIgniter\CodeIgniter->run()
#8 C:\Users\tailo\OneDrive\Escritorio\proyecto\system\Commands\Server\rewrite.php(47): require_once('C:\\Users\\tailo\\...')
#9 {main}
CRITICAL - 2023-11-10 19:49:06 --> You have an error in your SQL syntax; check the manual that corresponds to your MariaDB server version for the right syntax to use near 'FROM infoC, carro 
        where infoC.idC = carro.idC' at line 2
in SYSTEMPATH\Database\BaseConnection.php on line 646.
 1 APPPATH\Controllers\Admin.php(21): CodeIgniter\Database\BaseConnection->query('SELECT infoC.*, carro.*, 
        FROM infoC, carro 
        where infoC.idC = carro.idC')
 2 SYSTEMPATH\CodeIgniter.php(919): App\Controllers\Admin->mostrarInicio()
 3 SYSTEMPATH\CodeIgniter.php(494): CodeIgniter\CodeIgniter->runController(Object(App\Controllers\Admin))
 4 SYSTEMPATH\CodeIgniter.php(353): CodeIgniter\CodeIgniter->handleRequest(null, Object(Config\Cache), false)
 5 FCPATH\index.php(79): CodeIgniter\CodeIgniter->run()
 6 SYSTEMPATH\Commands\Server\rewrite.php(47): require_once('C:\\Users\\tailo\\OneDrive\\Escritorio\\proyecto\\public\\index.php')
ERROR - 2023-11-10 19:49:07 --> mysqli_sql_exception: You have an error in your SQL syntax; check the manual that corresponds to your MariaDB server version for the right syntax to use near 'FROM infoC, carro 
        where infoC.idC = carro.idC' at line 2 in C:\Users\tailo\OneDrive\Escritorio\proyecto\system\Database\MySQLi\Connection.php:306
Stack trace:
#0 C:\Users\tailo\OneDrive\Escritorio\proyecto\system\Database\MySQLi\Connection.php(306): mysqli->query('SELECT infoC.*,...', 0)
#1 C:\Users\tailo\OneDrive\Escritorio\proyecto\system\Database\BaseConnection.php(692): CodeIgniter\Database\MySQLi\Connection->execute('SELECT infoC.*,...')
#2 C:\Users\tailo\OneDrive\Escritorio\proyecto\system\Database\BaseConnection.php(606): CodeIgniter\Database\BaseConnection->simpleQuery('SELECT infoC.*,...')
#3 C:\Users\tailo\OneDrive\Escritorio\proyecto\app\Controllers\Admin.php(21): CodeIgniter\Database\BaseConnection->query('SELECT infoC.*,...')
#4 C:\Users\tailo\OneDrive\Escritorio\proyecto\system\CodeIgniter.php(919): App\Controllers\Admin->mostrarInicio()
#5 C:\Users\tailo\OneDrive\Escritorio\proyecto\system\CodeIgniter.php(494): CodeIgniter\CodeIgniter->runController(Object(App\Controllers\Admin))
#6 C:\Users\tailo\OneDrive\Escritorio\proyecto\system\CodeIgniter.php(353): CodeIgniter\CodeIgniter->handleRequest(NULL, Object(Config\Cache), false)
#7 C:\Users\tailo\OneDrive\Escritorio\proyecto\public\index.php(79): CodeIgniter\CodeIgniter->run()
#8 C:\Users\tailo\OneDrive\Escritorio\proyecto\system\Commands\Server\rewrite.php(47): require_once('C:\\Users\\tailo\\...')
#9 {main}
CRITICAL - 2023-11-10 19:49:07 --> You have an error in your SQL syntax; check the manual that corresponds to your MariaDB server version for the right syntax to use near 'FROM infoC, carro 
        where infoC.idC = carro.idC' at line 2
in SYSTEMPATH\Database\BaseConnection.php on line 646.
 1 APPPATH\Controllers\Admin.php(21): CodeIgniter\Database\BaseConnection->query('SELECT infoC.*, carro.*, 
        FROM infoC, carro 
        where infoC.idC = carro.idC')
 2 SYSTEMPATH\CodeIgniter.php(919): App\Controllers\Admin->mostrarInicio()
 3 SYSTEMPATH\CodeIgniter.php(494): CodeIgniter\CodeIgniter->runController(Object(App\Controllers\Admin))
 4 SYSTEMPATH\CodeIgniter.php(353): CodeIgniter\CodeIgniter->handleRequest(null, Object(Config\Cache), false)
 5 FCPATH\index.php(79): CodeIgniter\CodeIgniter->run()
 6 SYSTEMPATH\Commands\Server\rewrite.php(47): require_once('C:\\Users\\tailo\\OneDrive\\Escritorio\\proyecto\\public\\index.php')
ERROR - 2023-11-10 19:49:50 --> mysqli_sql_exception: You have an error in your SQL syntax; check the manual that corresponds to your MariaDB server version for the right syntax to use near 'FROM infoC, carro
        where infoC.idC = carro.idC' at line 2 in C:\Users\tailo\OneDrive\Escritorio\proyecto\system\Database\MySQLi\Connection.php:306
Stack trace:
#0 C:\Users\tailo\OneDrive\Escritorio\proyecto\system\Database\MySQLi\Connection.php(306): mysqli->query('SELECT infoC.*,...', 0)
#1 C:\Users\tailo\OneDrive\Escritorio\proyecto\system\Database\BaseConnection.php(692): CodeIgniter\Database\MySQLi\Connection->execute('SELECT infoC.*,...')
#2 C:\Users\tailo\OneDrive\Escritorio\proyecto\system\Database\BaseConnection.php(606): CodeIgniter\Database\BaseConnection->simpleQuery('SELECT infoC.*,...')
#3 C:\Users\tailo\OneDrive\Escritorio\proyecto\app\Controllers\Admin.php(21): CodeIgniter\Database\BaseConnection->query('SELECT infoC.*,...')
#4 C:\Users\tailo\OneDrive\Escritorio\proyecto\system\CodeIgniter.php(919): App\Controllers\Admin->mostrarInicio()
#5 C:\Users\tailo\OneDrive\Escritorio\proyecto\system\CodeIgniter.php(494): CodeIgniter\CodeIgniter->runController(Object(App\Controllers\Admin))
#6 C:\Users\tailo\OneDrive\Escritorio\proyecto\system\CodeIgniter.php(353): CodeIgniter\CodeIgniter->handleRequest(NULL, Object(Config\Cache), false)
#7 C:\Users\tailo\OneDrive\Escritorio\proyecto\public\index.php(79): CodeIgniter\CodeIgniter->run()
#8 C:\Users\tailo\OneDrive\Escritorio\proyecto\system\Commands\Server\rewrite.php(47): require_once('C:\\Users\\tailo\\...')
#9 {main}
CRITICAL - 2023-11-10 19:49:50 --> You have an error in your SQL syntax; check the manual that corresponds to your MariaDB server version for the right syntax to use near 'FROM infoC, carro
        where infoC.idC = carro.idC' at line 2
in SYSTEMPATH\Database\BaseConnection.php on line 646.
 1 APPPATH\Controllers\Admin.php(21): CodeIgniter\Database\BaseConnection->query('SELECT infoC.*, carro.*, 
        FROM infoC, carro
        where infoC.idC = carro.idC')
 2 SYSTEMPATH\CodeIgniter.php(919): App\Controllers\Admin->mostrarInicio()
 3 SYSTEMPATH\CodeIgniter.php(494): CodeIgniter\CodeIgniter->runController(Object(App\Controllers\Admin))
 4 SYSTEMPATH\CodeIgniter.php(353): CodeIgniter\CodeIgniter->handleRequest(null, Object(Config\Cache), false)
 5 FCPATH\index.php(79): CodeIgniter\CodeIgniter->run()
 6 SYSTEMPATH\Commands\Server\rewrite.php(47): require_once('C:\\Users\\tailo\\OneDrive\\Escritorio\\proyecto\\public\\index.php')
ERROR - 2023-11-10 19:49:52 --> mysqli_sql_exception: You have an error in your SQL syntax; check the manual that corresponds to your MariaDB server version for the right syntax to use near 'FROM infoC, carro
        where infoC.idC = carro.idC' at line 2 in C:\Users\tailo\OneDrive\Escritorio\proyecto\system\Database\MySQLi\Connection.php:306
Stack trace:
#0 C:\Users\tailo\OneDrive\Escritorio\proyecto\system\Database\MySQLi\Connection.php(306): mysqli->query('SELECT infoC.*,...', 0)
#1 C:\Users\tailo\OneDrive\Escritorio\proyecto\system\Database\BaseConnection.php(692): CodeIgniter\Database\MySQLi\Connection->execute('SELECT infoC.*,...')
#2 C:\Users\tailo\OneDrive\Escritorio\proyecto\system\Database\BaseConnection.php(606): CodeIgniter\Database\BaseConnection->simpleQuery('SELECT infoC.*,...')
#3 C:\Users\tailo\OneDrive\Escritorio\proyecto\app\Controllers\Admin.php(21): CodeIgniter\Database\BaseConnection->query('SELECT infoC.*,...')
#4 C:\Users\tailo\OneDrive\Escritorio\proyecto\system\CodeIgniter.php(919): App\Controllers\Admin->mostrarInicio()
#5 C:\Users\tailo\OneDrive\Escritorio\proyecto\system\CodeIgniter.php(494): CodeIgniter\CodeIgniter->runController(Object(App\Controllers\Admin))
#6 C:\Users\tailo\OneDrive\Escritorio\proyecto\system\CodeIgniter.php(353): CodeIgniter\CodeIgniter->handleRequest(NULL, Object(Config\Cache), false)
#7 C:\Users\tailo\OneDrive\Escritorio\proyecto\public\index.php(79): CodeIgniter\CodeIgniter->run()
#8 C:\Users\tailo\OneDrive\Escritorio\proyecto\system\Commands\Server\rewrite.php(47): require_once('C:\\Users\\tailo\\...')
#9 {main}
CRITICAL - 2023-11-10 19:49:52 --> You have an error in your SQL syntax; check the manual that corresponds to your MariaDB server version for the right syntax to use near 'FROM infoC, carro
        where infoC.idC = carro.idC' at line 2
in SYSTEMPATH\Database\BaseConnection.php on line 646.
 1 APPPATH\Controllers\Admin.php(21): CodeIgniter\Database\BaseConnection->query('SELECT infoC.*, carro.*, 
        FROM infoC, carro
        where infoC.idC = carro.idC')
 2 SYSTEMPATH\CodeIgniter.php(919): App\Controllers\Admin->mostrarInicio()
 3 SYSTEMPATH\CodeIgniter.php(494): CodeIgniter\CodeIgniter->runController(Object(App\Controllers\Admin))
 4 SYSTEMPATH\CodeIgniter.php(353): CodeIgniter\CodeIgniter->handleRequest(null, Object(Config\Cache), false)
 5 FCPATH\index.php(79): CodeIgniter\CodeIgniter->run()
 6 SYSTEMPATH\Commands\Server\rewrite.php(47): require_once('C:\\Users\\tailo\\OneDrive\\Escritorio\\proyecto\\public\\index.php')
ERROR - 2023-11-10 20:02:40 --> mysqli_sql_exception: You have an error in your SQL syntax; check the manual that corresponds to your MariaDB server version for the right syntax to use near 'FROM infoC, carro
        where infoC.idC = carro.idC' at line 2 in C:\Users\tailo\OneDrive\Escritorio\proyecto\system\Database\MySQLi\Connection.php:306
Stack trace:
#0 C:\Users\tailo\OneDrive\Escritorio\proyecto\system\Database\MySQLi\Connection.php(306): mysqli->query('SELECT infoC.*,...', 0)
#1 C:\Users\tailo\OneDrive\Escritorio\proyecto\system\Database\BaseConnection.php(692): CodeIgniter\Database\MySQLi\Connection->execute('SELECT infoC.*,...')
#2 C:\Users\tailo\OneDrive\Escritorio\proyecto\system\Database\BaseConnection.php(606): CodeIgniter\Database\BaseConnection->simpleQuery('SELECT infoC.*,...')
#3 C:\Users\tailo\OneDrive\Escritorio\proyecto\app\Controllers\Admin.php(21): CodeIgniter\Database\BaseConnection->query('SELECT infoC.*,...')
#4 C:\Users\tailo\OneDrive\Escritorio\proyecto\system\CodeIgniter.php(919): App\Controllers\Admin->mostrarInicio()
#5 C:\Users\tailo\OneDrive\Escritorio\proyecto\system\CodeIgniter.php(494): CodeIgniter\CodeIgniter->runController(Object(App\Controllers\Admin))
#6 C:\Users\tailo\OneDrive\Escritorio\proyecto\system\CodeIgniter.php(353): CodeIgniter\CodeIgniter->handleRequest(NULL, Object(Config\Cache), false)
#7 C:\Users\tailo\OneDrive\Escritorio\proyecto\public\index.php(79): CodeIgniter\CodeIgniter->run()
#8 C:\Users\tailo\OneDrive\Escritorio\proyecto\system\Commands\Server\rewrite.php(47): require_once('C:\\Users\\tailo\\...')
#9 {main}
CRITICAL - 2023-11-10 20:02:40 --> You have an error in your SQL syntax; check the manual that corresponds to your MariaDB server version for the right syntax to use near 'FROM infoC, carro
        where infoC.idC = carro.idC' at line 2
in SYSTEMPATH\Database\BaseConnection.php on line 646.
 1 APPPATH\Controllers\Admin.php(21): CodeIgniter\Database\BaseConnection->query('SELECT infoC.*, carro.*, 
        FROM infoC, carro
        where infoC.idC = carro.idC')
 2 SYSTEMPATH\CodeIgniter.php(919): App\Controllers\Admin->mostrarInicio()
 3 SYSTEMPATH\CodeIgniter.php(494): CodeIgniter\CodeIgniter->runController(Object(App\Controllers\Admin))
 4 SYSTEMPATH\CodeIgniter.php(353): CodeIgniter\CodeIgniter->handleRequest(null, Object(Config\Cache), false)
 5 FCPATH\index.php(79): CodeIgniter\CodeIgniter->run()
 6 SYSTEMPATH\Commands\Server\rewrite.php(47): require_once('C:\\Users\\tailo\\OneDrive\\Escritorio\\proyecto\\public\\index.php')
