CRITICAL - 2023-11-11 06:52:32 --> Call to undefined method Config\Database::conect()
in APPPATH\Controllers\Admin.php on line 17.
 1 SYSTEMPATH\CodeIgniter.php(919): App\Controllers\Admin->mostrarInicio()
 2 SYSTEMPATH\CodeIgniter.php(494): CodeIgniter\CodeIgniter->runController(Object(App\Controllers\Admin))
 3 SYSTEMPATH\CodeIgniter.php(353): CodeIgniter\CodeIgniter->handleRequest(null, Object(Config\Cache), false)
 4 FCPATH\index.php(79): CodeIgniter\CodeIgniter->run()
 5 SYSTEMPATH\Commands\Server\rewrite.php(47): require_once('C:\\Users\\tailo\\OneDrive\\Escritorio\\proyecto\\public\\index.php')
ERROR - 2023-11-11 06:52:54 --> mysqli_sql_exception: Unknown table 'proyecto.r' in C:\Users\tailo\OneDrive\Escritorio\proyecto\system\Database\MySQLi\Connection.php:306
Stack trace:
#0 C:\Users\tailo\OneDrive\Escritorio\proyecto\system\Database\MySQLi\Connection.php(306): mysqli->query('SELECT `ic`.*, ...', 0)
#1 C:\Users\tailo\OneDrive\Escritorio\proyecto\system\Database\BaseConnection.php(692): CodeIgniter\Database\MySQLi\Connection->execute('SELECT `ic`.*, ...')
#2 C:\Users\tailo\OneDrive\Escritorio\proyecto\system\Database\BaseConnection.php(606): CodeIgniter\Database\BaseConnection->simpleQuery('SELECT `ic`.*, ...')
#3 C:\Users\tailo\OneDrive\Escritorio\proyecto\system\Database\BaseBuilder.php(1615): CodeIgniter\Database\BaseConnection->query('SELECT `ic`.*, ...', Array, false)
#4 C:\Users\tailo\OneDrive\Escritorio\proyecto\app\Controllers\Admin.php(23): CodeIgniter\Database\BaseBuilder->get()
#5 C:\Users\tailo\OneDrive\Escritorio\proyecto\system\CodeIgniter.php(919): App\Controllers\Admin->mostrarInicio()
#6 C:\Users\tailo\OneDrive\Escritorio\proyecto\system\CodeIgniter.php(494): CodeIgniter\CodeIgniter->runController(Object(App\Controllers\Admin))
#7 C:\Users\tailo\OneDrive\Escritorio\proyecto\system\CodeIgniter.php(353): CodeIgniter\CodeIgniter->handleRequest(NULL, Object(Config\Cache), false)
#8 C:\Users\tailo\OneDrive\Escritorio\proyecto\public\index.php(79): CodeIgniter\CodeIgniter->run()
#9 C:\Users\tailo\OneDrive\Escritorio\proyecto\system\Commands\Server\rewrite.php(47): require_once('C:\\Users\\tailo\\...')
#10 {main}
CRITICAL - 2023-11-11 06:52:54 --> Unknown table 'proyecto.r'
in SYSTEMPATH\Database\BaseConnection.php on line 646.
 1 SYSTEMPATH\Database\BaseBuilder.php(1615): CodeIgniter\Database\BaseConnection->query('SELECT `ic`.*, `c`.*, `r`.*
FROM `infoC` `ic`
JOIN `carro` `c` ON `c`.`idC` = `ic`.`idC`', [], false)
 2 APPPATH\Controllers\Admin.php(23): CodeIgniter\Database\BaseBuilder->get()
 3 SYSTEMPATH\CodeIgniter.php(919): App\Controllers\Admin->mostrarInicio()
 4 SYSTEMPATH\CodeIgniter.php(494): CodeIgniter\CodeIgniter->runController(Object(App\Controllers\Admin))
 5 SYSTEMPATH\CodeIgniter.php(353): CodeIgniter\CodeIgniter->handleRequest(null, Object(Config\Cache), false)
 6 FCPATH\index.php(79): CodeIgniter\CodeIgniter->run()
 7 SYSTEMPATH\Commands\Server\rewrite.php(47): require_once('C:\\Users\\tailo\\OneDrive\\Escritorio\\proyecto\\public\\index.php')
ERROR - 2023-11-11 06:54:09 --> mysqli_sql_exception: Unknown table 'proyecto.r' in C:\Users\tailo\OneDrive\Escritorio\proyecto\system\Database\MySQLi\Connection.php:306
Stack trace:
#0 C:\Users\tailo\OneDrive\Escritorio\proyecto\system\Database\MySQLi\Connection.php(306): mysqli->query('SELECT `ic`.*, ...', 0)
#1 C:\Users\tailo\OneDrive\Escritorio\proyecto\system\Database\BaseConnection.php(692): CodeIgniter\Database\MySQLi\Connection->execute('SELECT `ic`.*, ...')
#2 C:\Users\tailo\OneDrive\Escritorio\proyecto\system\Database\BaseConnection.php(606): CodeIgniter\Database\BaseConnection->simpleQuery('SELECT `ic`.*, ...')
#3 C:\Users\tailo\OneDrive\Escritorio\proyecto\system\Database\BaseBuilder.php(1615): CodeIgniter\Database\BaseConnection->query('SELECT `ic`.*, ...', Array, false)
#4 C:\Users\tailo\OneDrive\Escritorio\proyecto\app\Controllers\Admin.php(23): CodeIgniter\Database\BaseBuilder->get()
#5 C:\Users\tailo\OneDrive\Escritorio\proyecto\system\CodeIgniter.php(919): App\Controllers\Admin->mostrarInicio()
#6 C:\Users\tailo\OneDrive\Escritorio\proyecto\system\CodeIgniter.php(494): CodeIgniter\CodeIgniter->runController(Object(App\Controllers\Admin))
#7 C:\Users\tailo\OneDrive\Escritorio\proyecto\system\CodeIgniter.php(353): CodeIgniter\CodeIgniter->handleRequest(NULL, Object(Config\Cache), false)
#8 C:\Users\tailo\OneDrive\Escritorio\proyecto\public\index.php(79): CodeIgniter\CodeIgniter->run()
#9 C:\Users\tailo\OneDrive\Escritorio\proyecto\system\Commands\Server\rewrite.php(47): require_once('C:\\Users\\tailo\\...')
#10 {main}
CRITICAL - 2023-11-11 06:54:09 --> Unknown table 'proyecto.r'
in SYSTEMPATH\Database\BaseConnection.php on line 646.
 1 SYSTEMPATH\Database\BaseBuilder.php(1615): CodeIgniter\Database\BaseConnection->query('SELECT `ic`.*, `c`.*, `r`.*
FROM `infoC` `ic`
JOIN `carro` `c` ON `c`.`idC` = `ic`.`idC`', [], false)
 2 APPPATH\Controllers\Admin.php(23): CodeIgniter\Database\BaseBuilder->get()
 3 SYSTEMPATH\CodeIgniter.php(919): App\Controllers\Admin->mostrarInicio()
 4 SYSTEMPATH\CodeIgniter.php(494): CodeIgniter\CodeIgniter->runController(Object(App\Controllers\Admin))
 5 SYSTEMPATH\CodeIgniter.php(353): CodeIgniter\CodeIgniter->handleRequest(null, Object(Config\Cache), false)
 6 FCPATH\index.php(79): CodeIgniter\CodeIgniter->run()
 7 SYSTEMPATH\Commands\Server\rewrite.php(47): require_once('C:\\Users\\tailo\\OneDrive\\Escritorio\\proyecto\\public\\index.php')
ERROR - 2023-11-11 06:54:11 --> mysqli_sql_exception: Unknown table 'proyecto.r' in C:\Users\tailo\OneDrive\Escritorio\proyecto\system\Database\MySQLi\Connection.php:306
Stack trace:
#0 C:\Users\tailo\OneDrive\Escritorio\proyecto\system\Database\MySQLi\Connection.php(306): mysqli->query('SELECT `ic`.*, ...', 0)
#1 C:\Users\tailo\OneDrive\Escritorio\proyecto\system\Database\BaseConnection.php(692): CodeIgniter\Database\MySQLi\Connection->execute('SELECT `ic`.*, ...')
#2 C:\Users\tailo\OneDrive\Escritorio\proyecto\system\Database\BaseConnection.php(606): CodeIgniter\Database\BaseConnection->simpleQuery('SELECT `ic`.*, ...')
#3 C:\Users\tailo\OneDrive\Escritorio\proyecto\system\Database\BaseBuilder.php(1615): CodeIgniter\Database\BaseConnection->query('SELECT `ic`.*, ...', Array, false)
#4 C:\Users\tailo\OneDrive\Escritorio\proyecto\app\Controllers\Admin.php(23): CodeIgniter\Database\BaseBuilder->get()
#5 C:\Users\tailo\OneDrive\Escritorio\proyecto\system\CodeIgniter.php(919): App\Controllers\Admin->mostrarInicio()
#6 C:\Users\tailo\OneDrive\Escritorio\proyecto\system\CodeIgniter.php(494): CodeIgniter\CodeIgniter->runController(Object(App\Controllers\Admin))
#7 C:\Users\tailo\OneDrive\Escritorio\proyecto\system\CodeIgniter.php(353): CodeIgniter\CodeIgniter->handleRequest(NULL, Object(Config\Cache), false)
#8 C:\Users\tailo\OneDrive\Escritorio\proyecto\public\index.php(79): CodeIgniter\CodeIgniter->run()
#9 C:\Users\tailo\OneDrive\Escritorio\proyecto\system\Commands\Server\rewrite.php(47): require_once('C:\\Users\\tailo\\...')
#10 {main}
CRITICAL - 2023-11-11 06:54:11 --> Unknown table 'proyecto.r'
in SYSTEMPATH\Database\BaseConnection.php on line 646.
 1 SYSTEMPATH\Database\BaseBuilder.php(1615): CodeIgniter\Database\BaseConnection->query('SELECT `ic`.*, `c`.*, `r`.*
FROM `infoC` `ic`
JOIN `carro` `c` ON `c`.`idC` = `ic`.`idC`', [], false)
 2 APPPATH\Controllers\Admin.php(23): CodeIgniter\Database\BaseBuilder->get()
 3 SYSTEMPATH\CodeIgniter.php(919): App\Controllers\Admin->mostrarInicio()
 4 SYSTEMPATH\CodeIgniter.php(494): CodeIgniter\CodeIgniter->runController(Object(App\Controllers\Admin))
 5 SYSTEMPATH\CodeIgniter.php(353): CodeIgniter\CodeIgniter->handleRequest(null, Object(Config\Cache), false)
 6 FCPATH\index.php(79): CodeIgniter\CodeIgniter->run()
 7 SYSTEMPATH\Commands\Server\rewrite.php(47): require_once('C:\\Users\\tailo\\OneDrive\\Escritorio\\proyecto\\public\\index.php')
CRITICAL - 2023-11-11 06:57:30 --> Attempt to read property "nombre" on array
in APPPATH\Views\admin\mostrarR.php on line 18.
 1 APPPATH\Views\admin\mostrarR.php(18): CodeIgniter\Debug\Exceptions->errorHandler(2, 'Attempt to read property "nombre" on array', 'C:\\Users\\tailo\\OneDrive\\Escritorio\\proyecto\\app\\Views\\admin\\mostrarR.php', 18)
 2 SYSTEMPATH\View\View.php(226): include('C:\\Users\\tailo\\OneDrive\\Escritorio\\proyecto\\app\\Views\\admin\\mostrarR.php')
 3 SYSTEMPATH\View\View.php(229): CodeIgniter\View\View->CodeIgniter\View\{closure}()
 4 SYSTEMPATH\Common.php(1188): CodeIgniter\View\View->render('admin/mostrarR', [], true)
 5 APPPATH\Controllers\Admin.php(33): view('admin/mostrarR', [...])
 6 SYSTEMPATH\CodeIgniter.php(919): App\Controllers\Admin->mostrarInicio()
 7 SYSTEMPATH\CodeIgniter.php(494): CodeIgniter\CodeIgniter->runController(Object(App\Controllers\Admin))
 8 SYSTEMPATH\CodeIgniter.php(353): CodeIgniter\CodeIgniter->handleRequest(null, Object(Config\Cache), false)
 9 FCPATH\index.php(79): CodeIgniter\CodeIgniter->run()
10 SYSTEMPATH\Commands\Server\rewrite.php(47): require_once('C:\\Users\\tailo\\OneDrive\\Escritorio\\proyecto\\public\\index.php')
CRITICAL - 2023-11-11 07:01:11 --> Attempt to read property "nombre" on array
in APPPATH\Views\admin\mostrarR.php on line 18.
 1 APPPATH\Views\admin\mostrarR.php(18): CodeIgniter\Debug\Exceptions->errorHandler(2, 'Attempt to read property "nombre" on array', 'C:\\Users\\tailo\\OneDrive\\Escritorio\\proyecto\\app\\Views\\admin\\mostrarR.php', 18)
 2 SYSTEMPATH\View\View.php(226): include('C:\\Users\\tailo\\OneDrive\\Escritorio\\proyecto\\app\\Views\\admin\\mostrarR.php')
 3 SYSTEMPATH\View\View.php(229): CodeIgniter\View\View->CodeIgniter\View\{closure}()
 4 SYSTEMPATH\Common.php(1188): CodeIgniter\View\View->render('admin/mostrarR', [], true)
 5 APPPATH\Controllers\Admin.php(33): view('admin/mostrarR', [...])
 6 SYSTEMPATH\CodeIgniter.php(919): App\Controllers\Admin->mostrarInicio()
 7 SYSTEMPATH\CodeIgniter.php(494): CodeIgniter\CodeIgniter->runController(Object(App\Controllers\Admin))
 8 SYSTEMPATH\CodeIgniter.php(353): CodeIgniter\CodeIgniter->handleRequest(null, Object(Config\Cache), false)
 9 FCPATH\index.php(79): CodeIgniter\CodeIgniter->run()
10 SYSTEMPATH\Commands\Server\rewrite.php(47): require_once('C:\\Users\\tailo\\OneDrive\\Escritorio\\proyecto\\public\\index.php')
