CRITICAL - 2023-12-04 06:08:45 --> Undefined variable $query
in APPPATH\Controllers\Admin.php on line 292.
 1 APPPATH\Controllers\Admin.php(292): CodeIgniter\Debug\Exceptions->errorHandler(2, 'Undefined variable $query', 'C:\\Users\\tailo\\OneDrive\\Escritorio\\proyecto\\app\\Controllers\\Admin.php', 292)
 2 SYSTEMPATH\CodeIgniter.php(919): App\Controllers\Admin->agregarPNR()
 3 SYSTEMPATH\CodeIgniter.php(494): CodeIgniter\CodeIgniter->runController(Object(App\Controllers\Admin))
 4 SYSTEMPATH\CodeIgniter.php(353): CodeIgniter\CodeIgniter->handleRequest(null, Object(Config\Cache), false)
 5 FCPATH\index.php(79): CodeIgniter\CodeIgniter->run()
 6 SYSTEMPATH\Commands\Server\rewrite.php(47): require_once('C:\\Users\\tailo\\OneDrive\\Escritorio\\proyecto\\public\\index.php')
CRITICAL - 2023-12-04 06:53:50 --> syntax error, unexpected token "->", expecting variable or "{" or "$"
in APPPATH\Views\admin\crear_PNR.php on line 10.
 1 SYSTEMPATH\View\View.php(229): CodeIgniter\View\View->CodeIgniter\View\{closure}()
 2 SYSTEMPATH\Common.php(1188): CodeIgniter\View\View->render('admin/crear_PNR', [], true)
 3 APPPATH\Controllers\Admin.php(302): view('admin/crear_PNR', [...])
 4 SYSTEMPATH\CodeIgniter.php(919): App\Controllers\Admin->agregarPNR()
 5 SYSTEMPATH\CodeIgniter.php(494): CodeIgniter\CodeIgniter->runController(Object(App\Controllers\Admin))
 6 SYSTEMPATH\CodeIgniter.php(353): CodeIgniter\CodeIgniter->handleRequest(null, Object(Config\Cache), false)
 7 FCPATH\index.php(79): CodeIgniter\CodeIgniter->run()
 8 SYSTEMPATH\Commands\Server\rewrite.php(47): require_once('C:\\Users\\tailo\\OneDrive\\Escritorio\\proyecto\\public\\index.php')
CRITICAL - 2023-12-04 06:54:19 --> Undefined variable $pnrs
in APPPATH\Views\admin\crear_PNR.php on line 10.
 1 APPPATH\Views\admin\crear_PNR.php(10): CodeIgniter\Debug\Exceptions->errorHandler(2, 'Undefined variable $pnrs', 'C:\\Users\\tailo\\OneDrive\\Escritorio\\proyecto\\app\\Views\\admin\\crear_PNR.php', 10)
 2 SYSTEMPATH\View\View.php(226): include('C:\\Users\\tailo\\OneDrive\\Escritorio\\proyecto\\app\\Views\\admin\\crear_PNR.php')
 3 SYSTEMPATH\View\View.php(229): CodeIgniter\View\View->CodeIgniter\View\{closure}()
 4 SYSTEMPATH\Common.php(1188): CodeIgniter\View\View->render('admin/crear_PNR', [], true)
 5 APPPATH\Controllers\Admin.php(302): view('admin/crear_PNR', [...])
 6 SYSTEMPATH\CodeIgniter.php(919): App\Controllers\Admin->agregarPNR()
 7 SYSTEMPATH\CodeIgniter.php(494): CodeIgniter\CodeIgniter->runController(Object(App\Controllers\Admin))
 8 SYSTEMPATH\CodeIgniter.php(353): CodeIgniter\CodeIgniter->handleRequest(null, Object(Config\Cache), false)
 9 FCPATH\index.php(79): CodeIgniter\CodeIgniter->run()
10 SYSTEMPATH\Commands\Server\rewrite.php(47): require_once('C:\\Users\\tailo\\OneDrive\\Escritorio\\proyecto\\public\\index.php')
CRITICAL - 2023-12-04 06:56:03 --> Call to a member function findAll() on null
in APPPATH\Controllers\Admin.php on line 296.
 1 SYSTEMPATH\CodeIgniter.php(919): App\Controllers\Admin->agregarPNR()
 2 SYSTEMPATH\CodeIgniter.php(494): CodeIgniter\CodeIgniter->runController(Object(App\Controllers\Admin))
 3 SYSTEMPATH\CodeIgniter.php(353): CodeIgniter\CodeIgniter->handleRequest(null, Object(Config\Cache), false)
 4 FCPATH\index.php(79): CodeIgniter\CodeIgniter->run()
 5 SYSTEMPATH\Commands\Server\rewrite.php(47): require_once('C:\\Users\\tailo\\OneDrive\\Escritorio\\proyecto\\public\\index.php')
CRITICAL - 2023-12-04 06:56:30 --> Call to a member function findAll() on null
in APPPATH\Controllers\Admin.php on line 296.
 1 SYSTEMPATH\CodeIgniter.php(919): App\Controllers\Admin->agregarPNR()
 2 SYSTEMPATH\CodeIgniter.php(494): CodeIgniter\CodeIgniter->runController(Object(App\Controllers\Admin))
 3 SYSTEMPATH\CodeIgniter.php(353): CodeIgniter\CodeIgniter->handleRequest(null, Object(Config\Cache), false)
 4 FCPATH\index.php(79): CodeIgniter\CodeIgniter->run()
 5 SYSTEMPATH\Commands\Server\rewrite.php(47): require_once('C:\\Users\\tailo\\OneDrive\\Escritorio\\proyecto\\public\\index.php')
CRITICAL - 2023-12-04 06:57:01 --> Attempt to read property "idPK" on array
in APPPATH\Views\admin\crear_PNR.php on line 10.
 1 APPPATH\Views\admin\crear_PNR.php(10): CodeIgniter\Debug\Exceptions->errorHandler(2, 'Attempt to read property "idPK" on array', 'C:\\Users\\tailo\\OneDrive\\Escritorio\\proyecto\\app\\Views\\admin\\crear_PNR.php', 10)
 2 SYSTEMPATH\View\View.php(226): include('C:\\Users\\tailo\\OneDrive\\Escritorio\\proyecto\\app\\Views\\admin\\crear_PNR.php')
 3 SYSTEMPATH\View\View.php(229): CodeIgniter\View\View->CodeIgniter\View\{closure}()
 4 SYSTEMPATH\Common.php(1188): CodeIgniter\View\View->render('admin/crear_PNR', [], true)
 5 APPPATH\Controllers\Admin.php(304): view('admin/crear_PNR', [...])
 6 SYSTEMPATH\CodeIgniter.php(919): App\Controllers\Admin->agregarPNR()
 7 SYSTEMPATH\CodeIgniter.php(494): CodeIgniter\CodeIgniter->runController(Object(App\Controllers\Admin))
 8 SYSTEMPATH\CodeIgniter.php(353): CodeIgniter\CodeIgniter->handleRequest(null, Object(Config\Cache), false)
 9 FCPATH\index.php(79): CodeIgniter\CodeIgniter->run()
10 SYSTEMPATH\Commands\Server\rewrite.php(47): require_once('C:\\Users\\tailo\\OneDrive\\Escritorio\\proyecto\\public\\index.php')
CRITICAL - 2023-12-04 06:57:44 --> Attempt to read property "idPK" on array
in APPPATH\Views\admin\crear_PNR.php on line 10.
 1 APPPATH\Views\admin\crear_PNR.php(10): CodeIgniter\Debug\Exceptions->errorHandler(2, 'Attempt to read property "idPK" on array', 'C:\\Users\\tailo\\OneDrive\\Escritorio\\proyecto\\app\\Views\\admin\\crear_PNR.php', 10)
 2 SYSTEMPATH\View\View.php(226): include('C:\\Users\\tailo\\OneDrive\\Escritorio\\proyecto\\app\\Views\\admin\\crear_PNR.php')
 3 SYSTEMPATH\View\View.php(229): CodeIgniter\View\View->CodeIgniter\View\{closure}()
 4 SYSTEMPATH\Common.php(1188): CodeIgniter\View\View->render('admin/crear_PNR', [], true)
 5 APPPATH\Controllers\Admin.php(304): view('admin/crear_PNR', [...])
 6 SYSTEMPATH\CodeIgniter.php(919): App\Controllers\Admin->agregarPNR()
 7 SYSTEMPATH\CodeIgniter.php(494): CodeIgniter\CodeIgniter->runController(Object(App\Controllers\Admin))
 8 SYSTEMPATH\CodeIgniter.php(353): CodeIgniter\CodeIgniter->handleRequest(null, Object(Config\Cache), false)
 9 FCPATH\index.php(79): CodeIgniter\CodeIgniter->run()
10 SYSTEMPATH\Commands\Server\rewrite.php(47): require_once('C:\\Users\\tailo\\OneDrive\\Escritorio\\proyecto\\public\\index.php')
CRITICAL - 2023-12-04 06:57:54 --> Attempt to read property "idCodigo" on array
in APPPATH\Views\admin\crear_PNR.php on line 10.
 1 APPPATH\Views\admin\crear_PNR.php(10): CodeIgniter\Debug\Exceptions->errorHandler(2, 'Attempt to read property "idCodigo" on array', 'C:\\Users\\tailo\\OneDrive\\Escritorio\\proyecto\\app\\Views\\admin\\crear_PNR.php', 10)
 2 SYSTEMPATH\View\View.php(226): include('C:\\Users\\tailo\\OneDrive\\Escritorio\\proyecto\\app\\Views\\admin\\crear_PNR.php')
 3 SYSTEMPATH\View\View.php(229): CodeIgniter\View\View->CodeIgniter\View\{closure}()
 4 SYSTEMPATH\Common.php(1188): CodeIgniter\View\View->render('admin/crear_PNR', [], true)
 5 APPPATH\Controllers\Admin.php(304): view('admin/crear_PNR', [...])
 6 SYSTEMPATH\CodeIgniter.php(919): App\Controllers\Admin->agregarPNR()
 7 SYSTEMPATH\CodeIgniter.php(494): CodeIgniter\CodeIgniter->runController(Object(App\Controllers\Admin))
 8 SYSTEMPATH\CodeIgniter.php(353): CodeIgniter\CodeIgniter->handleRequest(null, Object(Config\Cache), false)
 9 FCPATH\index.php(79): CodeIgniter\CodeIgniter->run()
10 SYSTEMPATH\Commands\Server\rewrite.php(47): require_once('C:\\Users\\tailo\\OneDrive\\Escritorio\\proyecto\\public\\index.php')
CRITICAL - 2023-12-04 07:02:59 --> Attempt to read property "idComparativa" on array
in APPPATH\Views\admin\crear_PNR.php on line 10.
 1 APPPATH\Views\admin\crear_PNR.php(10): CodeIgniter\Debug\Exceptions->errorHandler(2, 'Attempt to read property "idComparativa" on array', 'C:\\Users\\tailo\\OneDrive\\Escritorio\\proyecto\\app\\Views\\admin\\crear_PNR.php', 10)
 2 SYSTEMPATH\View\View.php(226): include('C:\\Users\\tailo\\OneDrive\\Escritorio\\proyecto\\app\\Views\\admin\\crear_PNR.php')
 3 SYSTEMPATH\View\View.php(229): CodeIgniter\View\View->CodeIgniter\View\{closure}()
 4 SYSTEMPATH\Common.php(1188): CodeIgniter\View\View->render('admin/crear_PNR', [], true)
 5 APPPATH\Controllers\Admin.php(304): view('admin/crear_PNR', [...])
 6 SYSTEMPATH\CodeIgniter.php(919): App\Controllers\Admin->agregarPNR()
 7 SYSTEMPATH\CodeIgniter.php(494): CodeIgniter\CodeIgniter->runController(Object(App\Controllers\Admin))
 8 SYSTEMPATH\CodeIgniter.php(353): CodeIgniter\CodeIgniter->handleRequest(null, Object(Config\Cache), false)
 9 FCPATH\index.php(79): CodeIgniter\CodeIgniter->run()
10 SYSTEMPATH\Commands\Server\rewrite.php(47): require_once('C:\\Users\\tailo\\OneDrive\\Escritorio\\proyecto\\public\\index.php')
CRITICAL - 2023-12-04 07:15:49 --> Undefined variable $tipospnrModel
in APPPATH\Controllers\Admin.php on line 295.
 1 APPPATH\Controllers\Admin.php(295): CodeIgniter\Debug\Exceptions->errorHandler(2, 'Undefined variable $tipospnrModel', 'C:\\Users\\tailo\\OneDrive\\Escritorio\\proyecto\\app\\Controllers\\Admin.php', 295)
 2 SYSTEMPATH\CodeIgniter.php(919): App\Controllers\Admin->agregarPNR()
 3 SYSTEMPATH\CodeIgniter.php(494): CodeIgniter\CodeIgniter->runController(Object(App\Controllers\Admin))
 4 SYSTEMPATH\CodeIgniter.php(353): CodeIgniter\CodeIgniter->handleRequest(null, Object(Config\Cache), false)
 5 FCPATH\index.php(79): CodeIgniter\CodeIgniter->run()
 6 SYSTEMPATH\Commands\Server\rewrite.php(47): require_once('C:\\Users\\tailo\\OneDrive\\Escritorio\\proyecto\\public\\index.php')
CRITICAL - 2023-12-04 20:25:22 --> Undefined variable $repartidores
in APPPATH\Views\admin\crear_PNR.php on line 10.
 1 APPPATH\Views\admin\crear_PNR.php(10): CodeIgniter\Debug\Exceptions->errorHandler(2, 'Undefined variable $repartidores', 'C:\\Users\\tailo\\OneDrive\\Escritorio\\proyecto\\app\\Views\\admin\\crear_PNR.php', 10)
 2 SYSTEMPATH\View\View.php(226): include('C:\\Users\\tailo\\OneDrive\\Escritorio\\proyecto\\app\\Views\\admin\\crear_PNR.php')
 3 SYSTEMPATH\View\View.php(229): CodeIgniter\View\View->CodeIgniter\View\{closure}()
 4 SYSTEMPATH\Common.php(1188): CodeIgniter\View\View->render('admin/crear_PNR', [], true)
 5 APPPATH\Controllers\Admin.php(300): view('admin/crear_PNR', [...])
 6 SYSTEMPATH\CodeIgniter.php(919): App\Controllers\Admin->agregarPNR()
 7 SYSTEMPATH\CodeIgniter.php(494): CodeIgniter\CodeIgniter->runController(Object(App\Controllers\Admin))
 8 SYSTEMPATH\CodeIgniter.php(353): CodeIgniter\CodeIgniter->handleRequest(null, Object(Config\Cache), false)
 9 FCPATH\index.php(79): CodeIgniter\CodeIgniter->run()
10 SYSTEMPATH\Commands\Server\rewrite.php(47): require_once('C:\\Users\\tailo\\OneDrive\\Escritorio\\proyecto\\public\\index.php')
CRITICAL - 2023-12-04 20:25:31 --> Undefined variable $pnrs
in APPPATH\Views\admin\crear_PNR.php on line 10.
 1 APPPATH\Views\admin\crear_PNR.php(10): CodeIgniter\Debug\Exceptions->errorHandler(2, 'Undefined variable $pnrs', 'C:\\Users\\tailo\\OneDrive\\Escritorio\\proyecto\\app\\Views\\admin\\crear_PNR.php', 10)
 2 SYSTEMPATH\View\View.php(226): include('C:\\Users\\tailo\\OneDrive\\Escritorio\\proyecto\\app\\Views\\admin\\crear_PNR.php')
 3 SYSTEMPATH\View\View.php(229): CodeIgniter\View\View->CodeIgniter\View\{closure}()
 4 SYSTEMPATH\Common.php(1188): CodeIgniter\View\View->render('admin/crear_PNR', [], true)
 5 APPPATH\Controllers\Admin.php(300): view('admin/crear_PNR', [...])
 6 SYSTEMPATH\CodeIgniter.php(919): App\Controllers\Admin->agregarPNR()
 7 SYSTEMPATH\CodeIgniter.php(494): CodeIgniter\CodeIgniter->runController(Object(App\Controllers\Admin))
 8 SYSTEMPATH\CodeIgniter.php(353): CodeIgniter\CodeIgniter->handleRequest(null, Object(Config\Cache), false)
 9 FCPATH\index.php(79): CodeIgniter\CodeIgniter->run()
10 SYSTEMPATH\Commands\Server\rewrite.php(47): require_once('C:\\Users\\tailo\\OneDrive\\Escritorio\\proyecto\\public\\index.php')
CRITICAL - 2023-12-04 20:27:02 --> Undefined variable $pnrs
in APPPATH\Views\admin\crear_PNR.php on line 10.
 1 APPPATH\Views\admin\crear_PNR.php(10): CodeIgniter\Debug\Exceptions->errorHandler(2, 'Undefined variable $pnrs', 'C:\\Users\\tailo\\OneDrive\\Escritorio\\proyecto\\app\\Views\\admin\\crear_PNR.php', 10)
 2 SYSTEMPATH\View\View.php(226): include('C:\\Users\\tailo\\OneDrive\\Escritorio\\proyecto\\app\\Views\\admin\\crear_PNR.php')
 3 SYSTEMPATH\View\View.php(229): CodeIgniter\View\View->CodeIgniter\View\{closure}()
 4 SYSTEMPATH\Common.php(1188): CodeIgniter\View\View->render('admin/crear_PNR', [], true)
 5 APPPATH\Controllers\Admin.php(300): view('admin/crear_PNR', [...])
 6 SYSTEMPATH\CodeIgniter.php(919): App\Controllers\Admin->agregarPNR()
 7 SYSTEMPATH\CodeIgniter.php(494): CodeIgniter\CodeIgniter->runController(Object(App\Controllers\Admin))
 8 SYSTEMPATH\CodeIgniter.php(353): CodeIgniter\CodeIgniter->handleRequest(null, Object(Config\Cache), false)
 9 FCPATH\index.php(79): CodeIgniter\CodeIgniter->run()
10 SYSTEMPATH\Commands\Server\rewrite.php(47): require_once('C:\\Users\\tailo\\OneDrive\\Escritorio\\proyecto\\public\\index.php')
CRITICAL - 2023-12-04 20:28:24 --> Undefined variable $pnrs
in APPPATH\Views\admin\crear_PNR.php on line 10.
 1 APPPATH\Views\admin\crear_PNR.php(10): CodeIgniter\Debug\Exceptions->errorHandler(2, 'Undefined variable $pnrs', 'C:\\Users\\tailo\\OneDrive\\Escritorio\\proyecto\\app\\Views\\admin\\crear_PNR.php', 10)
 2 SYSTEMPATH\View\View.php(226): include('C:\\Users\\tailo\\OneDrive\\Escritorio\\proyecto\\app\\Views\\admin\\crear_PNR.php')
 3 SYSTEMPATH\View\View.php(229): CodeIgniter\View\View->CodeIgniter\View\{closure}()
 4 SYSTEMPATH\Common.php(1188): CodeIgniter\View\View->render('admin/crear_PNR', [], true)
 5 APPPATH\Controllers\Admin.php(300): view('admin/crear_PNR', [...])
 6 SYSTEMPATH\CodeIgniter.php(919): App\Controllers\Admin->agregarPNR()
 7 SYSTEMPATH\CodeIgniter.php(494): CodeIgniter\CodeIgniter->runController(Object(App\Controllers\Admin))
 8 SYSTEMPATH\CodeIgniter.php(353): CodeIgniter\CodeIgniter->handleRequest(null, Object(Config\Cache), false)
 9 FCPATH\index.php(79): CodeIgniter\CodeIgniter->run()
10 SYSTEMPATH\Commands\Server\rewrite.php(47): require_once('C:\\Users\\tailo\\OneDrive\\Escritorio\\proyecto\\public\\index.php')
CRITICAL - 2023-12-04 20:29:02 --> Attempt to read property "alto" on array
in APPPATH\Views\admin\crear_PNR.php on line 10.
 1 APPPATH\Views\admin\crear_PNR.php(10): CodeIgniter\Debug\Exceptions->errorHandler(2, 'Attempt to read property "alto" on array', 'C:\\Users\\tailo\\OneDrive\\Escritorio\\proyecto\\app\\Views\\admin\\crear_PNR.php', 10)
 2 SYSTEMPATH\View\View.php(226): include('C:\\Users\\tailo\\OneDrive\\Escritorio\\proyecto\\app\\Views\\admin\\crear_PNR.php')
 3 SYSTEMPATH\View\View.php(229): CodeIgniter\View\View->CodeIgniter\View\{closure}()
 4 SYSTEMPATH\Common.php(1188): CodeIgniter\View\View->render('admin/crear_PNR', [], true)
 5 APPPATH\Controllers\Admin.php(300): view('admin/crear_PNR', [...])
 6 SYSTEMPATH\CodeIgniter.php(919): App\Controllers\Admin->agregarPNR()
 7 SYSTEMPATH\CodeIgniter.php(494): CodeIgniter\CodeIgniter->runController(Object(App\Controllers\Admin))
 8 SYSTEMPATH\CodeIgniter.php(353): CodeIgniter\CodeIgniter->handleRequest(null, Object(Config\Cache), false)
 9 FCPATH\index.php(79): CodeIgniter\CodeIgniter->run()
10 SYSTEMPATH\Commands\Server\rewrite.php(47): require_once('C:\\Users\\tailo\\OneDrive\\Escritorio\\proyecto\\public\\index.php')
CRITICAL - 2023-12-04 20:29:19 --> Undefined variable $query
in APPPATH\Controllers\Admin.php on line 295.
 1 APPPATH\Controllers\Admin.php(295): CodeIgniter\Debug\Exceptions->errorHandler(2, 'Undefined variable $query', 'C:\\Users\\tailo\\OneDrive\\Escritorio\\proyecto\\app\\Controllers\\Admin.php', 295)
 2 SYSTEMPATH\CodeIgniter.php(919): App\Controllers\Admin->agregarPNR()
 3 SYSTEMPATH\CodeIgniter.php(494): CodeIgniter\CodeIgniter->runController(Object(App\Controllers\Admin))
 4 SYSTEMPATH\CodeIgniter.php(353): CodeIgniter\CodeIgniter->handleRequest(null, Object(Config\Cache), false)
 5 FCPATH\index.php(79): CodeIgniter\CodeIgniter->run()
 6 SYSTEMPATH\Commands\Server\rewrite.php(47): require_once('C:\\Users\\tailo\\OneDrive\\Escritorio\\proyecto\\public\\index.php')
CRITICAL - 2023-12-04 20:29:35 --> Attempt to read property "alto" on array
in APPPATH\Views\admin\crear_PNR.php on line 10.
 1 APPPATH\Views\admin\crear_PNR.php(10): CodeIgniter\Debug\Exceptions->errorHandler(2, 'Attempt to read property "alto" on array', 'C:\\Users\\tailo\\OneDrive\\Escritorio\\proyecto\\app\\Views\\admin\\crear_PNR.php', 10)
 2 SYSTEMPATH\View\View.php(226): include('C:\\Users\\tailo\\OneDrive\\Escritorio\\proyecto\\app\\Views\\admin\\crear_PNR.php')
 3 SYSTEMPATH\View\View.php(229): CodeIgniter\View\View->CodeIgniter\View\{closure}()
 4 SYSTEMPATH\Common.php(1188): CodeIgniter\View\View->render('admin/crear_PNR', [], true)
 5 APPPATH\Controllers\Admin.php(300): view('admin/crear_PNR', [...])
 6 SYSTEMPATH\CodeIgniter.php(919): App\Controllers\Admin->agregarPNR()
 7 SYSTEMPATH\CodeIgniter.php(494): CodeIgniter\CodeIgniter->runController(Object(App\Controllers\Admin))
 8 SYSTEMPATH\CodeIgniter.php(353): CodeIgniter\CodeIgniter->handleRequest(null, Object(Config\Cache), false)
 9 FCPATH\index.php(79): CodeIgniter\CodeIgniter->run()
10 SYSTEMPATH\Commands\Server\rewrite.php(47): require_once('C:\\Users\\tailo\\OneDrive\\Escritorio\\proyecto\\public\\index.php')
ERROR - 2023-12-04 20:30:26 --> mysqli_sql_exception: Unknown column 'tipoPNR.deleted_at' in 'where clause' in C:\Users\tailo\OneDrive\Escritorio\proyecto\system\Database\MySQLi\Connection.php:306
Stack trace:
#0 C:\Users\tailo\OneDrive\Escritorio\proyecto\system\Database\MySQLi\Connection.php(306): mysqli->query('SELECT *\nFROM `...', 0)
#1 C:\Users\tailo\OneDrive\Escritorio\proyecto\system\Database\BaseConnection.php(692): CodeIgniter\Database\MySQLi\Connection->execute('SELECT *\nFROM `...')
#2 C:\Users\tailo\OneDrive\Escritorio\proyecto\system\Database\BaseConnection.php(606): CodeIgniter\Database\BaseConnection->simpleQuery('SELECT *\nFROM `...')
#3 C:\Users\tailo\OneDrive\Escritorio\proyecto\system\Database\BaseBuilder.php(1615): CodeIgniter\Database\BaseConnection->query('SELECT *\nFROM `...', Array, false)
#4 C:\Users\tailo\OneDrive\Escritorio\proyecto\system\Model.php(237): CodeIgniter\Database\BaseBuilder->get()
#5 C:\Users\tailo\OneDrive\Escritorio\proyecto\system\BaseModel.php(624): CodeIgniter\Model->doFindAll(0, 0)
#6 C:\Users\tailo\OneDrive\Escritorio\proyecto\app\Controllers\Admin.php(295): CodeIgniter\BaseModel->findAll()
#7 C:\Users\tailo\OneDrive\Escritorio\proyecto\system\CodeIgniter.php(919): App\Controllers\Admin->agregarPNR()
#8 C:\Users\tailo\OneDrive\Escritorio\proyecto\system\CodeIgniter.php(494): CodeIgniter\CodeIgniter->runController(Object(App\Controllers\Admin))
#9 C:\Users\tailo\OneDrive\Escritorio\proyecto\system\CodeIgniter.php(353): CodeIgniter\CodeIgniter->handleRequest(NULL, Object(Config\Cache), false)
#10 C:\Users\tailo\OneDrive\Escritorio\proyecto\public\index.php(79): CodeIgniter\CodeIgniter->run()
#11 C:\Users\tailo\OneDrive\Escritorio\proyecto\system\Commands\Server\rewrite.php(47): require_once('C:\\Users\\tailo\\...')
#12 {main}
CRITICAL - 2023-12-04 20:30:26 --> Unknown column 'tipoPNR.deleted_at' in 'where clause'
in SYSTEMPATH\Database\BaseConnection.php on line 646.
 1 SYSTEMPATH\Database\BaseBuilder.php(1615): CodeIgniter\Database\BaseConnection->query('SELECT *
FROM `tipoPNR`
WHERE `tipoPNR`.`deleted_at` IS NULL', [], false)
 2 SYSTEMPATH\Model.php(237): CodeIgniter\Database\BaseBuilder->get()
 3 SYSTEMPATH\BaseModel.php(624): CodeIgniter\Model->doFindAll(0, 0)
 4 APPPATH\Controllers\Admin.php(295): CodeIgniter\BaseModel->findAll()
 5 SYSTEMPATH\CodeIgniter.php(919): App\Controllers\Admin->agregarPNR()
 6 SYSTEMPATH\CodeIgniter.php(494): CodeIgniter\CodeIgniter->runController(Object(App\Controllers\Admin))
 7 SYSTEMPATH\CodeIgniter.php(353): CodeIgniter\CodeIgniter->handleRequest(null, Object(Config\Cache), false)
 8 FCPATH\index.php(79): CodeIgniter\CodeIgniter->run()
 9 SYSTEMPATH\Commands\Server\rewrite.php(47): require_once('C:\\Users\\tailo\\OneDrive\\Escritorio\\proyecto\\public\\index.php')
ERROR - 2023-12-04 20:31:47 --> mysqli_sql_exception: Unknown column 'tipoPNR.deleted_at' in 'where clause' in C:\Users\tailo\OneDrive\Escritorio\proyecto\system\Database\MySQLi\Connection.php:306
Stack trace:
#0 C:\Users\tailo\OneDrive\Escritorio\proyecto\system\Database\MySQLi\Connection.php(306): mysqli->query('SELECT *\nFROM `...', 0)
#1 C:\Users\tailo\OneDrive\Escritorio\proyecto\system\Database\BaseConnection.php(692): CodeIgniter\Database\MySQLi\Connection->execute('SELECT *\nFROM `...')
#2 C:\Users\tailo\OneDrive\Escritorio\proyecto\system\Database\BaseConnection.php(606): CodeIgniter\Database\BaseConnection->simpleQuery('SELECT *\nFROM `...')
#3 C:\Users\tailo\OneDrive\Escritorio\proyecto\system\Database\BaseBuilder.php(1615): CodeIgniter\Database\BaseConnection->query('SELECT *\nFROM `...', Array, false)
#4 C:\Users\tailo\OneDrive\Escritorio\proyecto\system\Model.php(237): CodeIgniter\Database\BaseBuilder->get()
#5 C:\Users\tailo\OneDrive\Escritorio\proyecto\system\BaseModel.php(624): CodeIgniter\Model->doFindAll(0, 0)
#6 C:\Users\tailo\OneDrive\Escritorio\proyecto\app\Controllers\Admin.php(295): CodeIgniter\BaseModel->findAll()
#7 C:\Users\tailo\OneDrive\Escritorio\proyecto\system\CodeIgniter.php(919): App\Controllers\Admin->agregarPNR()
#8 C:\Users\tailo\OneDrive\Escritorio\proyecto\system\CodeIgniter.php(494): CodeIgniter\CodeIgniter->runController(Object(App\Controllers\Admin))
#9 C:\Users\tailo\OneDrive\Escritorio\proyecto\system\CodeIgniter.php(353): CodeIgniter\CodeIgniter->handleRequest(NULL, Object(Config\Cache), false)
#10 C:\Users\tailo\OneDrive\Escritorio\proyecto\public\index.php(79): CodeIgniter\CodeIgniter->run()
#11 C:\Users\tailo\OneDrive\Escritorio\proyecto\system\Commands\Server\rewrite.php(47): require_once('C:\\Users\\tailo\\...')
#12 {main}
CRITICAL - 2023-12-04 20:31:47 --> Unknown column 'tipoPNR.deleted_at' in 'where clause'
in SYSTEMPATH\Database\BaseConnection.php on line 646.
 1 SYSTEMPATH\Database\BaseBuilder.php(1615): CodeIgniter\Database\BaseConnection->query('SELECT *
FROM `tipoPNR`
WHERE `tipoPNR`.`deleted_at` IS NULL', [], false)
 2 SYSTEMPATH\Model.php(237): CodeIgniter\Database\BaseBuilder->get()
 3 SYSTEMPATH\BaseModel.php(624): CodeIgniter\Model->doFindAll(0, 0)
 4 APPPATH\Controllers\Admin.php(295): CodeIgniter\BaseModel->findAll()
 5 SYSTEMPATH\CodeIgniter.php(919): App\Controllers\Admin->agregarPNR()
 6 SYSTEMPATH\CodeIgniter.php(494): CodeIgniter\CodeIgniter->runController(Object(App\Controllers\Admin))
 7 SYSTEMPATH\CodeIgniter.php(353): CodeIgniter\CodeIgniter->handleRequest(null, Object(Config\Cache), false)
 8 FCPATH\index.php(79): CodeIgniter\CodeIgniter->run()
 9 SYSTEMPATH\Commands\Server\rewrite.php(47): require_once('C:\\Users\\tailo\\OneDrive\\Escritorio\\proyecto\\public\\index.php')
ERROR - 2023-12-04 20:43:51 --> mysqli_sql_exception: Unknown column 'tipoPNR.deleted_at' in 'where clause' in C:\Users\tailo\OneDrive\Escritorio\proyecto\system\Database\MySQLi\Connection.php:306
Stack trace:
#0 C:\Users\tailo\OneDrive\Escritorio\proyecto\system\Database\MySQLi\Connection.php(306): mysqli->query('SELECT *\nFROM `...', 0)
#1 C:\Users\tailo\OneDrive\Escritorio\proyecto\system\Database\BaseConnection.php(692): CodeIgniter\Database\MySQLi\Connection->execute('SELECT *\nFROM `...')
#2 C:\Users\tailo\OneDrive\Escritorio\proyecto\system\Database\BaseConnection.php(606): CodeIgniter\Database\BaseConnection->simpleQuery('SELECT *\nFROM `...')
#3 C:\Users\tailo\OneDrive\Escritorio\proyecto\system\Database\BaseBuilder.php(1615): CodeIgniter\Database\BaseConnection->query('SELECT *\nFROM `...', Array, false)
#4 C:\Users\tailo\OneDrive\Escritorio\proyecto\system\Model.php(237): CodeIgniter\Database\BaseBuilder->get()
#5 C:\Users\tailo\OneDrive\Escritorio\proyecto\system\BaseModel.php(624): CodeIgniter\Model->doFindAll(0, 0)
#6 C:\Users\tailo\OneDrive\Escritorio\proyecto\app\Controllers\Admin.php(295): CodeIgniter\BaseModel->findAll()
#7 C:\Users\tailo\OneDrive\Escritorio\proyecto\system\CodeIgniter.php(919): App\Controllers\Admin->agregarPNR()
#8 C:\Users\tailo\OneDrive\Escritorio\proyecto\system\CodeIgniter.php(494): CodeIgniter\CodeIgniter->runController(Object(App\Controllers\Admin))
#9 C:\Users\tailo\OneDrive\Escritorio\proyecto\system\CodeIgniter.php(353): CodeIgniter\CodeIgniter->handleRequest(NULL, Object(Config\Cache), false)
#10 C:\Users\tailo\OneDrive\Escritorio\proyecto\public\index.php(79): CodeIgniter\CodeIgniter->run()
#11 C:\Users\tailo\OneDrive\Escritorio\proyecto\system\Commands\Server\rewrite.php(47): require_once('C:\\Users\\tailo\\...')
#12 {main}
CRITICAL - 2023-12-04 20:43:51 --> Unknown column 'tipoPNR.deleted_at' in 'where clause'
in SYSTEMPATH\Database\BaseConnection.php on line 646.
 1 SYSTEMPATH\Database\BaseBuilder.php(1615): CodeIgniter\Database\BaseConnection->query('SELECT *
FROM `tipoPNR`
WHERE `tipoPNR`.`deleted_at` IS NULL', [], false)
 2 SYSTEMPATH\Model.php(237): CodeIgniter\Database\BaseBuilder->get()
 3 SYSTEMPATH\BaseModel.php(624): CodeIgniter\Model->doFindAll(0, 0)
 4 APPPATH\Controllers\Admin.php(295): CodeIgniter\BaseModel->findAll()
 5 SYSTEMPATH\CodeIgniter.php(919): App\Controllers\Admin->agregarPNR()
 6 SYSTEMPATH\CodeIgniter.php(494): CodeIgniter\CodeIgniter->runController(Object(App\Controllers\Admin))
 7 SYSTEMPATH\CodeIgniter.php(353): CodeIgniter\CodeIgniter->handleRequest(null, Object(Config\Cache), false)
 8 FCPATH\index.php(79): CodeIgniter\CodeIgniter->run()
 9 SYSTEMPATH\Commands\Server\rewrite.php(47): require_once('C:\\Users\\tailo\\OneDrive\\Escritorio\\proyecto\\public\\index.php')
CRITICAL - 2023-12-04 20:59:20 --> Undefined variable $query
in APPPATH\Controllers\Admin.php on line 294.
 1 APPPATH\Controllers\Admin.php(294): CodeIgniter\Debug\Exceptions->errorHandler(2, 'Undefined variable $query', 'C:\\Users\\tailo\\OneDrive\\Escritorio\\proyecto\\app\\Controllers\\Admin.php', 294)
 2 SYSTEMPATH\CodeIgniter.php(919): App\Controllers\Admin->agregarPNR()
 3 SYSTEMPATH\CodeIgniter.php(494): CodeIgniter\CodeIgniter->runController(Object(App\Controllers\Admin))
 4 SYSTEMPATH\CodeIgniter.php(353): CodeIgniter\CodeIgniter->handleRequest(null, Object(Config\Cache), false)
 5 FCPATH\index.php(79): CodeIgniter\CodeIgniter->run()
 6 SYSTEMPATH\Commands\Server\rewrite.php(47): require_once('C:\\Users\\tailo\\OneDrive\\Escritorio\\proyecto\\public\\index.php')
ERROR - 2023-12-04 20:59:37 --> mysqli_sql_exception: You have an error in your SQL syntax; check the manual that corresponds to your MariaDB server version for the right syntax to use near 'PNR.idT = tipoPNR.idT 
            and PNR.idInfo = infoPaquetes.idInfo
     ...' at line 3 in C:\Users\tailo\OneDrive\Escritorio\proyecto\system\Database\MySQLi\Connection.php:306
Stack trace:
#0 C:\Users\tailo\OneDrive\Escritorio\proyecto\system\Database\MySQLi\Connection.php(306): mysqli->query('SELECT PNR.*, t...', 0)
#1 C:\Users\tailo\OneDrive\Escritorio\proyecto\system\Database\BaseConnection.php(692): CodeIgniter\Database\MySQLi\Connection->execute('SELECT PNR.*, t...')
#2 C:\Users\tailo\OneDrive\Escritorio\proyecto\system\Database\BaseConnection.php(606): CodeIgniter\Database\BaseConnection->simpleQuery('SELECT PNR.*, t...')
#3 C:\Users\tailo\OneDrive\Escritorio\proyecto\app\Controllers\Admin.php(300): CodeIgniter\Database\BaseConnection->query('SELECT PNR.*, t...')
#4 C:\Users\tailo\OneDrive\Escritorio\proyecto\system\CodeIgniter.php(919): App\Controllers\Admin->agregarPNR()
#5 C:\Users\tailo\OneDrive\Escritorio\proyecto\system\CodeIgniter.php(494): CodeIgniter\CodeIgniter->runController(Object(App\Controllers\Admin))
#6 C:\Users\tailo\OneDrive\Escritorio\proyecto\system\CodeIgniter.php(353): CodeIgniter\CodeIgniter->handleRequest(NULL, Object(Config\Cache), false)
#7 C:\Users\tailo\OneDrive\Escritorio\proyecto\public\index.php(79): CodeIgniter\CodeIgniter->run()
#8 C:\Users\tailo\OneDrive\Escritorio\proyecto\system\Commands\Server\rewrite.php(47): require_once('C:\\Users\\tailo\\...')
#9 {main}
CRITICAL - 2023-12-04 20:59:37 --> You have an error in your SQL syntax; check the manual that corresponds to your MariaDB server version for the right syntax to use near 'PNR.idT = tipoPNR.idT 
            and PNR.idInfo = infoPaquetes.idInfo
     ...' at line 3
in SYSTEMPATH\Database\BaseConnection.php on line 646.
 1 APPPATH\Controllers\Admin.php(300): CodeIgniter\Database\BaseConnection->query('SELECT PNR.*, tipoPNR.tipo, infoPaquetes.*, repartidor.*
            FROM PNR, tipoPNR, infoPaquetes, repartidor 
            xre PNR.idT = tipoPNR.idT 
            and PNR.idInfo = infoPaquetes.idInfo
            and PNR.idRepartidor = repartidor.idRepartidor')
 2 SYSTEMPATH\CodeIgniter.php(919): App\Controllers\Admin->agregarPNR()
 3 SYSTEMPATH\CodeIgniter.php(494): CodeIgniter\CodeIgniter->runController(Object(App\Controllers\Admin))
 4 SYSTEMPATH\CodeIgniter.php(353): CodeIgniter\CodeIgniter->handleRequest(null, Object(Config\Cache), false)
 5 FCPATH\index.php(79): CodeIgniter\CodeIgniter->run()
 6 SYSTEMPATH\Commands\Server\rewrite.php(47): require_once('C:\\Users\\tailo\\OneDrive\\Escritorio\\proyecto\\public\\index.php')
ERROR - 2023-12-04 20:59:56 --> mysqli_sql_exception: You have an error in your SQL syntax; check the manual that corresponds to your MariaDB server version for the right syntax to use near 'PNR.idT = tipoPNR.idT 
            and PNR.idInfo = infoPaquetes.idInfo
     ...' at line 3 in C:\Users\tailo\OneDrive\Escritorio\proyecto\system\Database\MySQLi\Connection.php:306
Stack trace:
#0 C:\Users\tailo\OneDrive\Escritorio\proyecto\system\Database\MySQLi\Connection.php(306): mysqli->query('SELECT PNR.*, t...', 0)
#1 C:\Users\tailo\OneDrive\Escritorio\proyecto\system\Database\BaseConnection.php(692): CodeIgniter\Database\MySQLi\Connection->execute('SELECT PNR.*, t...')
#2 C:\Users\tailo\OneDrive\Escritorio\proyecto\system\Database\BaseConnection.php(606): CodeIgniter\Database\BaseConnection->simpleQuery('SELECT PNR.*, t...')
#3 C:\Users\tailo\OneDrive\Escritorio\proyecto\app\Controllers\Admin.php(300): CodeIgniter\Database\BaseConnection->query('SELECT PNR.*, t...')
#4 C:\Users\tailo\OneDrive\Escritorio\proyecto\system\CodeIgniter.php(919): App\Controllers\Admin->agregarPNR()
#5 C:\Users\tailo\OneDrive\Escritorio\proyecto\system\CodeIgniter.php(494): CodeIgniter\CodeIgniter->runController(Object(App\Controllers\Admin))
#6 C:\Users\tailo\OneDrive\Escritorio\proyecto\system\CodeIgniter.php(353): CodeIgniter\CodeIgniter->handleRequest(NULL, Object(Config\Cache), false)
#7 C:\Users\tailo\OneDrive\Escritorio\proyecto\public\index.php(79): CodeIgniter\CodeIgniter->run()
#8 C:\Users\tailo\OneDrive\Escritorio\proyecto\system\Commands\Server\rewrite.php(47): require_once('C:\\Users\\tailo\\...')
#9 {main}
CRITICAL - 2023-12-04 20:59:56 --> You have an error in your SQL syntax; check the manual that corresponds to your MariaDB server version for the right syntax to use near 'PNR.idT = tipoPNR.idT 
            and PNR.idInfo = infoPaquetes.idInfo
     ...' at line 3
in SYSTEMPATH\Database\BaseConnection.php on line 646.
 1 APPPATH\Controllers\Admin.php(300): CodeIgniter\Database\BaseConnection->query('SELECT PNR.*, tipoPNR.tipo, infoPaquetes.*, repartidor.*
            FROM PNR, tipoPNR, infoPaquetes, repartidor 
            xre PNR.idT = tipoPNR.idT 
            and PNR.idInfo = infoPaquetes.idInfo
            and PNR.idRepartidor = repartidor.idRepartidor')
 2 SYSTEMPATH\CodeIgniter.php(919): App\Controllers\Admin->agregarPNR()
 3 SYSTEMPATH\CodeIgniter.php(494): CodeIgniter\CodeIgniter->runController(Object(App\Controllers\Admin))
 4 SYSTEMPATH\CodeIgniter.php(353): CodeIgniter\CodeIgniter->handleRequest(null, Object(Config\Cache), false)
 5 FCPATH\index.php(79): CodeIgniter\CodeIgniter->run()
 6 SYSTEMPATH\Commands\Server\rewrite.php(47): require_once('C:\\Users\\tailo\\OneDrive\\Escritorio\\proyecto\\public\\index.php')
ERROR - 2023-12-04 21:00:02 --> mysqli_sql_exception: Unknown column 'tipoPNR.deleted_at' in 'where clause' in C:\Users\tailo\OneDrive\Escritorio\proyecto\system\Database\MySQLi\Connection.php:306
Stack trace:
#0 C:\Users\tailo\OneDrive\Escritorio\proyecto\system\Database\MySQLi\Connection.php(306): mysqli->query('SELECT *\nFROM `...', 0)
#1 C:\Users\tailo\OneDrive\Escritorio\proyecto\system\Database\BaseConnection.php(692): CodeIgniter\Database\MySQLi\Connection->execute('SELECT *\nFROM `...')
#2 C:\Users\tailo\OneDrive\Escritorio\proyecto\system\Database\BaseConnection.php(606): CodeIgniter\Database\BaseConnection->simpleQuery('SELECT *\nFROM `...')
#3 C:\Users\tailo\OneDrive\Escritorio\proyecto\system\Database\BaseBuilder.php(1615): CodeIgniter\Database\BaseConnection->query('SELECT *\nFROM `...', Array, false)
#4 C:\Users\tailo\OneDrive\Escritorio\proyecto\system\Model.php(237): CodeIgniter\Database\BaseBuilder->get()
#5 C:\Users\tailo\OneDrive\Escritorio\proyecto\system\BaseModel.php(624): CodeIgniter\Model->doFindAll(0, 0)
#6 C:\Users\tailo\OneDrive\Escritorio\proyecto\app\Controllers\Admin.php(295): CodeIgniter\BaseModel->findAll()
#7 C:\Users\tailo\OneDrive\Escritorio\proyecto\system\CodeIgniter.php(919): App\Controllers\Admin->agregarPNR()
#8 C:\Users\tailo\OneDrive\Escritorio\proyecto\system\CodeIgniter.php(494): CodeIgniter\CodeIgniter->runController(Object(App\Controllers\Admin))
#9 C:\Users\tailo\OneDrive\Escritorio\proyecto\system\CodeIgniter.php(353): CodeIgniter\CodeIgniter->handleRequest(NULL, Object(Config\Cache), false)
#10 C:\Users\tailo\OneDrive\Escritorio\proyecto\public\index.php(79): CodeIgniter\CodeIgniter->run()
#11 C:\Users\tailo\OneDrive\Escritorio\proyecto\system\Commands\Server\rewrite.php(47): require_once('C:\\Users\\tailo\\...')
#12 {main}
CRITICAL - 2023-12-04 21:00:02 --> Unknown column 'tipoPNR.deleted_at' in 'where clause'
in SYSTEMPATH\Database\BaseConnection.php on line 646.
 1 SYSTEMPATH\Database\BaseBuilder.php(1615): CodeIgniter\Database\BaseConnection->query('SELECT *
FROM `tipoPNR`
WHERE `tipoPNR`.`deleted_at` IS NULL', [], false)
 2 SYSTEMPATH\Model.php(237): CodeIgniter\Database\BaseBuilder->get()
 3 SYSTEMPATH\BaseModel.php(624): CodeIgniter\Model->doFindAll(0, 0)
 4 APPPATH\Controllers\Admin.php(295): CodeIgniter\BaseModel->findAll()
 5 SYSTEMPATH\CodeIgniter.php(919): App\Controllers\Admin->agregarPNR()
 6 SYSTEMPATH\CodeIgniter.php(494): CodeIgniter\CodeIgniter->runController(Object(App\Controllers\Admin))
 7 SYSTEMPATH\CodeIgniter.php(353): CodeIgniter\CodeIgniter->handleRequest(null, Object(Config\Cache), false)
 8 FCPATH\index.php(79): CodeIgniter\CodeIgniter->run()
 9 SYSTEMPATH\Commands\Server\rewrite.php(47): require_once('C:\\Users\\tailo\\OneDrive\\Escritorio\\proyecto\\public\\index.php')
ERROR - 2023-12-04 21:00:49 --> mysqli_sql_exception: Unknown column 'tipoPNR.deleted_at' in 'where clause' in C:\Users\tailo\OneDrive\Escritorio\proyecto\system\Database\MySQLi\Connection.php:306
Stack trace:
#0 C:\Users\tailo\OneDrive\Escritorio\proyecto\system\Database\MySQLi\Connection.php(306): mysqli->query('SELECT *\nFROM `...', 0)
#1 C:\Users\tailo\OneDrive\Escritorio\proyecto\system\Database\BaseConnection.php(692): CodeIgniter\Database\MySQLi\Connection->execute('SELECT *\nFROM `...')
#2 C:\Users\tailo\OneDrive\Escritorio\proyecto\system\Database\BaseConnection.php(606): CodeIgniter\Database\BaseConnection->simpleQuery('SELECT *\nFROM `...')
#3 C:\Users\tailo\OneDrive\Escritorio\proyecto\system\Database\BaseBuilder.php(1615): CodeIgniter\Database\BaseConnection->query('SELECT *\nFROM `...', Array, false)
#4 C:\Users\tailo\OneDrive\Escritorio\proyecto\system\Model.php(237): CodeIgniter\Database\BaseBuilder->get()
#5 C:\Users\tailo\OneDrive\Escritorio\proyecto\system\BaseModel.php(624): CodeIgniter\Model->doFindAll(0, 0)
#6 C:\Users\tailo\OneDrive\Escritorio\proyecto\app\Controllers\Admin.php(295): CodeIgniter\BaseModel->findAll()
#7 C:\Users\tailo\OneDrive\Escritorio\proyecto\system\CodeIgniter.php(919): App\Controllers\Admin->agregarPNR()
#8 C:\Users\tailo\OneDrive\Escritorio\proyecto\system\CodeIgniter.php(494): CodeIgniter\CodeIgniter->runController(Object(App\Controllers\Admin))
#9 C:\Users\tailo\OneDrive\Escritorio\proyecto\system\CodeIgniter.php(353): CodeIgniter\CodeIgniter->handleRequest(NULL, Object(Config\Cache), false)
#10 C:\Users\tailo\OneDrive\Escritorio\proyecto\public\index.php(79): CodeIgniter\CodeIgniter->run()
#11 C:\Users\tailo\OneDrive\Escritorio\proyecto\system\Commands\Server\rewrite.php(47): require_once('C:\\Users\\tailo\\...')
#12 {main}
CRITICAL - 2023-12-04 21:00:49 --> Unknown column 'tipoPNR.deleted_at' in 'where clause'
in SYSTEMPATH\Database\BaseConnection.php on line 646.
 1 SYSTEMPATH\Database\BaseBuilder.php(1615): CodeIgniter\Database\BaseConnection->query('SELECT *
FROM `tipoPNR`
WHERE `tipoPNR`.`deleted_at` IS NULL', [], false)
 2 SYSTEMPATH\Model.php(237): CodeIgniter\Database\BaseBuilder->get()
 3 SYSTEMPATH\BaseModel.php(624): CodeIgniter\Model->doFindAll(0, 0)
 4 APPPATH\Controllers\Admin.php(295): CodeIgniter\BaseModel->findAll()
 5 SYSTEMPATH\CodeIgniter.php(919): App\Controllers\Admin->agregarPNR()
 6 SYSTEMPATH\CodeIgniter.php(494): CodeIgniter\CodeIgniter->runController(Object(App\Controllers\Admin))
 7 SYSTEMPATH\CodeIgniter.php(353): CodeIgniter\CodeIgniter->handleRequest(null, Object(Config\Cache), false)
 8 FCPATH\index.php(79): CodeIgniter\CodeIgniter->run()
 9 SYSTEMPATH\Commands\Server\rewrite.php(47): require_once('C:\\Users\\tailo\\OneDrive\\Escritorio\\proyecto\\public\\index.php')
