CRITICAL - 2023-11-16 05:58:53 --> Undefined array key "nombre"
in APPPATH\Controllers\Admin.php on line 50.
 1 APPPATH\Controllers\Admin.php(50): CodeIgniter\Debug\Exceptions->errorHandler(2, 'Undefined array key "nombre"', 'C:\\Users\\tailo\\OneDrive\\Escritorio\\proyecto\\app\\Controllers\\Admin.php', 50)
 2 SYSTEMPATH\CodeIgniter.php(919): App\Controllers\Admin->insert()
 3 SYSTEMPATH\CodeIgniter.php(494): CodeIgniter\CodeIgniter->runController(Object(App\Controllers\Admin))
 4 SYSTEMPATH\CodeIgniter.php(353): CodeIgniter\CodeIgniter->handleRequest(null, Object(Config\Cache), false)
 5 FCPATH\index.php(79): CodeIgniter\CodeIgniter->run()
 6 SYSTEMPATH\Commands\Server\rewrite.php(47): require_once('C:\\Users\\tailo\\OneDrive\\Escritorio\\proyecto\\public\\index.php')
CRITICAL - 2023-11-16 06:01:27 --> Undefined array key "nombre"
in APPPATH\Controllers\Admin.php on line 50.
 1 APPPATH\Controllers\Admin.php(50): CodeIgniter\Debug\Exceptions->errorHandler(2, 'Undefined array key "nombre"', 'C:\\Users\\tailo\\OneDrive\\Escritorio\\proyecto\\app\\Controllers\\Admin.php', 50)
 2 SYSTEMPATH\CodeIgniter.php(919): App\Controllers\Admin->insert()
 3 SYSTEMPATH\CodeIgniter.php(494): CodeIgniter\CodeIgniter->runController(Object(App\Controllers\Admin))
 4 SYSTEMPATH\CodeIgniter.php(353): CodeIgniter\CodeIgniter->handleRequest(null, Object(Config\Cache), false)
 5 FCPATH\index.php(79): CodeIgniter\CodeIgniter->run()
 6 SYSTEMPATH\Commands\Server\rewrite.php(47): require_once('C:\\Users\\tailo\\OneDrive\\Escritorio\\proyecto\\public\\index.php')
CRITICAL - 2023-11-16 06:05:34 --> Undefined array key "nombre"
in APPPATH\Controllers\Admin.php on line 50.
 1 APPPATH\Controllers\Admin.php(50): CodeIgniter\Debug\Exceptions->errorHandler(2, 'Undefined array key "nombre"', 'C:\\Users\\tailo\\OneDrive\\Escritorio\\proyecto\\app\\Controllers\\Admin.php', 50)
 2 SYSTEMPATH\CodeIgniter.php(919): App\Controllers\Admin->insert()
 3 SYSTEMPATH\CodeIgniter.php(494): CodeIgniter\CodeIgniter->runController(Object(App\Controllers\Admin))
 4 SYSTEMPATH\CodeIgniter.php(353): CodeIgniter\CodeIgniter->handleRequest(null, Object(Config\Cache), false)
 5 FCPATH\index.php(79): CodeIgniter\CodeIgniter->run()
 6 SYSTEMPATH\Commands\Server\rewrite.php(47): require_once('C:\\Users\\tailo\\OneDrive\\Escritorio\\proyecto\\public\\index.php')
CRITICAL - 2023-11-16 06:08:46 --> Undefined array key "nombre"
in APPPATH\Controllers\Admin.php on line 50.
 1 APPPATH\Controllers\Admin.php(50): CodeIgniter\Debug\Exceptions->errorHandler(2, 'Undefined array key "nombre"', 'C:\\Users\\tailo\\OneDrive\\Escritorio\\proyecto\\app\\Controllers\\Admin.php', 50)
 2 SYSTEMPATH\CodeIgniter.php(919): App\Controllers\Admin->insert()
 3 SYSTEMPATH\CodeIgniter.php(494): CodeIgniter\CodeIgniter->runController(Object(App\Controllers\Admin))
 4 SYSTEMPATH\CodeIgniter.php(353): CodeIgniter\CodeIgniter->handleRequest(null, Object(Config\Cache), false)
 5 FCPATH\index.php(79): CodeIgniter\CodeIgniter->run()
 6 SYSTEMPATH\Commands\Server\rewrite.php(47): require_once('C:\\Users\\tailo\\OneDrive\\Escritorio\\proyecto\\public\\index.php')
CRITICAL - 2023-11-16 06:34:24 --> Undefined array key "nombre"
in APPPATH\Controllers\Admin.php on line 50.
 1 APPPATH\Controllers\Admin.php(50): CodeIgniter\Debug\Exceptions->errorHandler(2, 'Undefined array key "nombre"', 'C:\\Users\\tailo\\OneDrive\\Escritorio\\proyecto\\app\\Controllers\\Admin.php', 50)
 2 SYSTEMPATH\CodeIgniter.php(919): App\Controllers\Admin->insert()
 3 SYSTEMPATH\CodeIgniter.php(494): CodeIgniter\CodeIgniter->runController(Object(App\Controllers\Admin))
 4 SYSTEMPATH\CodeIgniter.php(353): CodeIgniter\CodeIgniter->handleRequest(null, Object(Config\Cache), false)
 5 FCPATH\index.php(79): CodeIgniter\CodeIgniter->run()
 6 SYSTEMPATH\Commands\Server\rewrite.php(47): require_once('C:\\Users\\tailo\\OneDrive\\Escritorio\\proyecto\\public\\index.php')
CRITICAL - 2023-11-16 06:34:36 --> Undefined array key "nombre"
in APPPATH\Controllers\Admin.php on line 50.
 1 APPPATH\Controllers\Admin.php(50): CodeIgniter\Debug\Exceptions->errorHandler(2, 'Undefined array key "nombre"', 'C:\\Users\\tailo\\OneDrive\\Escritorio\\proyecto\\app\\Controllers\\Admin.php', 50)
 2 SYSTEMPATH\CodeIgniter.php(919): App\Controllers\Admin->insert()
 3 SYSTEMPATH\CodeIgniter.php(494): CodeIgniter\CodeIgniter->runController(Object(App\Controllers\Admin))
 4 SYSTEMPATH\CodeIgniter.php(353): CodeIgniter\CodeIgniter->handleRequest(null, Object(Config\Cache), false)
 5 FCPATH\index.php(79): CodeIgniter\CodeIgniter->run()
 6 SYSTEMPATH\Commands\Server\rewrite.php(47): require_once('C:\\Users\\tailo\\OneDrive\\Escritorio\\proyecto\\public\\index.php')
CRITICAL - 2023-11-16 06:40:42 --> Undefined array key "nombre"
in APPPATH\Controllers\Admin.php on line 50.
 1 APPPATH\Controllers\Admin.php(50): CodeIgniter\Debug\Exceptions->errorHandler(2, 'Undefined array key "nombre"', 'C:\\Users\\tailo\\OneDrive\\Escritorio\\proyecto\\app\\Controllers\\Admin.php', 50)
 2 SYSTEMPATH\CodeIgniter.php(919): App\Controllers\Admin->insert()
 3 SYSTEMPATH\CodeIgniter.php(494): CodeIgniter\CodeIgniter->runController(Object(App\Controllers\Admin))
 4 SYSTEMPATH\CodeIgniter.php(353): CodeIgniter\CodeIgniter->handleRequest(null, Object(Config\Cache), false)
 5 FCPATH\index.php(79): CodeIgniter\CodeIgniter->run()
 6 SYSTEMPATH\Commands\Server\rewrite.php(47): require_once('C:\\Users\\tailo\\OneDrive\\Escritorio\\proyecto\\public\\index.php')
CRITICAL - 2023-11-16 06:44:20 --> Undefined array key "nombre"
in APPPATH\Controllers\Admin.php on line 50.
 1 APPPATH\Controllers\Admin.php(50): CodeIgniter\Debug\Exceptions->errorHandler(2, 'Undefined array key "nombre"', 'C:\\Users\\tailo\\OneDrive\\Escritorio\\proyecto\\app\\Controllers\\Admin.php', 50)
 2 SYSTEMPATH\CodeIgniter.php(919): App\Controllers\Admin->insert()
 3 SYSTEMPATH\CodeIgniter.php(494): CodeIgniter\CodeIgniter->runController(Object(App\Controllers\Admin))
 4 SYSTEMPATH\CodeIgniter.php(353): CodeIgniter\CodeIgniter->handleRequest(null, Object(Config\Cache), false)
 5 FCPATH\index.php(79): CodeIgniter\CodeIgniter->run()
 6 SYSTEMPATH\Commands\Server\rewrite.php(47): require_once('C:\\Users\\tailo\\OneDrive\\Escritorio\\proyecto\\public\\index.php')
CRITICAL - 2023-11-16 06:55:57 --> Undefined array key "nombre"
in APPPATH\Controllers\Admin.php on line 50.
 1 APPPATH\Controllers\Admin.php(50): CodeIgniter\Debug\Exceptions->errorHandler(2, 'Undefined array key "nombre"', 'C:\\Users\\tailo\\OneDrive\\Escritorio\\proyecto\\app\\Controllers\\Admin.php', 50)
 2 SYSTEMPATH\CodeIgniter.php(919): App\Controllers\Admin->insert()
 3 SYSTEMPATH\CodeIgniter.php(494): CodeIgniter\CodeIgniter->runController(Object(App\Controllers\Admin))
 4 SYSTEMPATH\CodeIgniter.php(353): CodeIgniter\CodeIgniter->handleRequest(null, Object(Config\Cache), false)
 5 FCPATH\index.php(79): CodeIgniter\CodeIgniter->run()
 6 SYSTEMPATH\Commands\Server\rewrite.php(47): require_once('C:\\Users\\tailo\\OneDrive\\Escritorio\\proyecto\\public\\index.php')
CRITICAL - 2023-11-16 06:56:52 --> Undefined array key "nombre"
in APPPATH\Controllers\Admin.php on line 50.
 1 APPPATH\Controllers\Admin.php(50): CodeIgniter\Debug\Exceptions->errorHandler(2, 'Undefined array key "nombre"', 'C:\\Users\\tailo\\OneDrive\\Escritorio\\proyecto\\app\\Controllers\\Admin.php', 50)
 2 SYSTEMPATH\CodeIgniter.php(919): App\Controllers\Admin->insert()
 3 SYSTEMPATH\CodeIgniter.php(494): CodeIgniter\CodeIgniter->runController(Object(App\Controllers\Admin))
 4 SYSTEMPATH\CodeIgniter.php(353): CodeIgniter\CodeIgniter->handleRequest(null, Object(Config\Cache), false)
 5 FCPATH\index.php(79): CodeIgniter\CodeIgniter->run()
 6 SYSTEMPATH\Commands\Server\rewrite.php(47): require_once('C:\\Users\\tailo\\OneDrive\\Escritorio\\proyecto\\public\\index.php')
CRITICAL - 2023-11-16 06:58:52 --> Undefined array key "sexo"
in APPPATH\Controllers\Admin.php on line 54.
 1 APPPATH\Controllers\Admin.php(54): CodeIgniter\Debug\Exceptions->errorHandler(2, 'Undefined array key "sexo"', 'C:\\Users\\tailo\\OneDrive\\Escritorio\\proyecto\\app\\Controllers\\Admin.php', 54)
 2 SYSTEMPATH\CodeIgniter.php(919): App\Controllers\Admin->insert()
 3 SYSTEMPATH\CodeIgniter.php(494): CodeIgniter\CodeIgniter->runController(Object(App\Controllers\Admin))
 4 SYSTEMPATH\CodeIgniter.php(353): CodeIgniter\CodeIgniter->handleRequest(null, Object(Config\Cache), false)
 5 FCPATH\index.php(79): CodeIgniter\CodeIgniter->run()
 6 SYSTEMPATH\Commands\Server\rewrite.php(47): require_once('C:\\Users\\tailo\\OneDrive\\Escritorio\\proyecto\\public\\index.php')
CRITICAL - 2023-11-16 06:59:21 --> Undefined array key "sexo"
in APPPATH\Controllers\Admin.php on line 54.
 1 APPPATH\Controllers\Admin.php(54): CodeIgniter\Debug\Exceptions->errorHandler(2, 'Undefined array key "sexo"', 'C:\\Users\\tailo\\OneDrive\\Escritorio\\proyecto\\app\\Controllers\\Admin.php', 54)
 2 SYSTEMPATH\CodeIgniter.php(919): App\Controllers\Admin->insert()
 3 SYSTEMPATH\CodeIgniter.php(494): CodeIgniter\CodeIgniter->runController(Object(App\Controllers\Admin))
 4 SYSTEMPATH\CodeIgniter.php(353): CodeIgniter\CodeIgniter->handleRequest(null, Object(Config\Cache), false)
 5 FCPATH\index.php(79): CodeIgniter\CodeIgniter->run()
 6 SYSTEMPATH\Commands\Server\rewrite.php(47): require_once('C:\\Users\\tailo\\OneDrive\\Escritorio\\proyecto\\public\\index.php')
CRITICAL - 2023-11-16 07:01:23 --> The route for "admin/mostrarR" cannot be found.
in SYSTEMPATH\HTTP\RedirectResponse.php on line 60.
 1 SYSTEMPATH\HTTP\RedirectResponse.php(60): CodeIgniter\HTTP\Exceptions\HTTPException::forInvalidRedirectRoute('admin/mostrarR')
 2 SYSTEMPATH\Common.php(878): CodeIgniter\HTTP\RedirectResponse->route(false)
 3 APPPATH\Controllers\Admin.php(68): redirect('admin/mostrarR', 'refresh')
 4 SYSTEMPATH\CodeIgniter.php(919): App\Controllers\Admin->insert()
 5 SYSTEMPATH\CodeIgniter.php(494): CodeIgniter\CodeIgniter->runController(Object(App\Controllers\Admin))
 6 SYSTEMPATH\CodeIgniter.php(353): CodeIgniter\CodeIgniter->handleRequest(null, Object(Config\Cache), false)
 7 FCPATH\index.php(79): CodeIgniter\CodeIgniter->run()
 8 SYSTEMPATH\Commands\Server\rewrite.php(47): require_once('C:\\Users\\tailo\\OneDrive\\Escritorio\\proyecto\\public\\index.php')
CRITICAL - 2023-11-16 07:02:23 --> The route for "admin/mostrarR" cannot be found.
in SYSTEMPATH\HTTP\RedirectResponse.php on line 60.
 1 SYSTEMPATH\HTTP\RedirectResponse.php(60): CodeIgniter\HTTP\Exceptions\HTTPException::forInvalidRedirectRoute('admin/mostrarR')
 2 SYSTEMPATH\Common.php(878): CodeIgniter\HTTP\RedirectResponse->route(false)
 3 APPPATH\Controllers\Admin.php(68): redirect('admin/mostrarR', 'refresh')
 4 SYSTEMPATH\CodeIgniter.php(919): App\Controllers\Admin->insert()
 5 SYSTEMPATH\CodeIgniter.php(494): CodeIgniter\CodeIgniter->runController(Object(App\Controllers\Admin))
 6 SYSTEMPATH\CodeIgniter.php(353): CodeIgniter\CodeIgniter->handleRequest(null, Object(Config\Cache), false)
 7 FCPATH\index.php(79): CodeIgniter\CodeIgniter->run()
 8 SYSTEMPATH\Commands\Server\rewrite.php(47): require_once('C:\\Users\\tailo\\OneDrive\\Escritorio\\proyecto\\public\\index.php')
CRITICAL - 2023-11-16 07:04:07 --> The route for "admin/mostrarR" cannot be found.
in SYSTEMPATH\HTTP\RedirectResponse.php on line 60.
 1 SYSTEMPATH\HTTP\RedirectResponse.php(60): CodeIgniter\HTTP\Exceptions\HTTPException::forInvalidRedirectRoute('admin/mostrarR')
 2 SYSTEMPATH\Common.php(878): CodeIgniter\HTTP\RedirectResponse->route(false)
 3 APPPATH\Controllers\Admin.php(68): redirect('admin/mostrarR', 'refresh')
 4 SYSTEMPATH\CodeIgniter.php(919): App\Controllers\Admin->insert()
 5 SYSTEMPATH\CodeIgniter.php(494): CodeIgniter\CodeIgniter->runController(Object(App\Controllers\Admin))
 6 SYSTEMPATH\CodeIgniter.php(353): CodeIgniter\CodeIgniter->handleRequest(null, Object(Config\Cache), false)
 7 FCPATH\index.php(79): CodeIgniter\CodeIgniter->run()
 8 SYSTEMPATH\Commands\Server\rewrite.php(47): require_once('C:\\Users\\tailo\\OneDrive\\Escritorio\\proyecto\\public\\index.php')
CRITICAL - 2023-11-16 07:06:21 --> The route for "admin/mostrarInicio" cannot be found.
in SYSTEMPATH\HTTP\RedirectResponse.php on line 60.
 1 SYSTEMPATH\HTTP\RedirectResponse.php(60): CodeIgniter\HTTP\Exceptions\HTTPException::forInvalidRedirectRoute('admin/mostrarInicio')
 2 SYSTEMPATH\Common.php(878): CodeIgniter\HTTP\RedirectResponse->route(false)
 3 APPPATH\Controllers\Admin.php(68): redirect('admin/mostrarInicio', 'refresh')
 4 SYSTEMPATH\CodeIgniter.php(919): App\Controllers\Admin->insert()
 5 SYSTEMPATH\CodeIgniter.php(494): CodeIgniter\CodeIgniter->runController(Object(App\Controllers\Admin))
 6 SYSTEMPATH\CodeIgniter.php(353): CodeIgniter\CodeIgniter->handleRequest(null, Object(Config\Cache), false)
 7 FCPATH\index.php(79): CodeIgniter\CodeIgniter->run()
 8 SYSTEMPATH\Commands\Server\rewrite.php(47): require_once('C:\\Users\\tailo\\OneDrive\\Escritorio\\proyecto\\public\\index.php')
CRITICAL - 2023-11-16 17:26:48 --> Undefined property: stdClass::$marca
in APPPATH\Views\admin\mostrarR.php on line 18.
 1 APPPATH\Views\admin\mostrarR.php(18): CodeIgniter\Debug\Exceptions->errorHandler(2, 'Undefined property: stdClass::$marca', 'C:\\Users\\tailo\\OneDrive\\Escritorio\\proyecto\\app\\Views\\admin\\mostrarR.php', 18)
 2 SYSTEMPATH\View\View.php(226): include('C:\\Users\\tailo\\OneDrive\\Escritorio\\proyecto\\app\\Views\\admin\\mostrarR.php')
 3 SYSTEMPATH\View\View.php(229): CodeIgniter\View\View->CodeIgniter\View\{closure}()
 4 SYSTEMPATH\Common.php(1188): CodeIgniter\View\View->render('admin/mostrarR', [], true)
 5 APPPATH\Controllers\Admin.php(31): view('admin/mostrarR', [...])
 6 SYSTEMPATH\CodeIgniter.php(919): App\Controllers\Admin->mostrarInicio()
 7 SYSTEMPATH\CodeIgniter.php(494): CodeIgniter\CodeIgniter->runController(Object(App\Controllers\Admin))
 8 SYSTEMPATH\CodeIgniter.php(353): CodeIgniter\CodeIgniter->handleRequest(null, Object(Config\Cache), false)
 9 FCPATH\index.php(79): CodeIgniter\CodeIgniter->run()
10 SYSTEMPATH\Commands\Server\rewrite.php(47): require_once('C:\\Users\\tailo\\OneDrive\\Escritorio\\proyecto\\public\\index.php')
CRITICAL - 2023-11-16 17:36:03 --> Invalid file: "admin/inicio.php"
in SYSTEMPATH\Exceptions\FrameworkException.php on line 39.
 1 SYSTEMPATH\View\View.php(214): CodeIgniter\Exceptions\FrameworkException::forInvalidFile('admin/inicio.php')
 2 SYSTEMPATH\Common.php(1188): CodeIgniter\View\View->render('admin/inicio', [], true)
 3 APPPATH\Controllers\Admin.php(55): view('admin/inicio')
 4 SYSTEMPATH\CodeIgniter.php(919): App\Controllers\Admin->agregar()
 5 SYSTEMPATH\CodeIgniter.php(494): CodeIgniter\CodeIgniter->runController(Object(App\Controllers\Admin))
 6 SYSTEMPATH\CodeIgniter.php(353): CodeIgniter\CodeIgniter->handleRequest(null, Object(Config\Cache), false)
 7 FCPATH\index.php(79): CodeIgniter\CodeIgniter->run()
 8 SYSTEMPATH\Commands\Server\rewrite.php(47): require_once('C:\\Users\\tailo\\OneDrive\\Escritorio\\proyecto\\public\\index.php')
CRITICAL - 2023-11-16 17:36:04 --> Invalid file: "admin/inicio.php"
in SYSTEMPATH\Exceptions\FrameworkException.php on line 39.
 1 SYSTEMPATH\View\View.php(214): CodeIgniter\Exceptions\FrameworkException::forInvalidFile('admin/inicio.php')
 2 SYSTEMPATH\Common.php(1188): CodeIgniter\View\View->render('admin/inicio', [], true)
 3 APPPATH\Controllers\Admin.php(55): view('admin/inicio')
 4 SYSTEMPATH\CodeIgniter.php(919): App\Controllers\Admin->agregar()
 5 SYSTEMPATH\CodeIgniter.php(494): CodeIgniter\CodeIgniter->runController(Object(App\Controllers\Admin))
 6 SYSTEMPATH\CodeIgniter.php(353): CodeIgniter\CodeIgniter->handleRequest(null, Object(Config\Cache), false)
 7 FCPATH\index.php(79): CodeIgniter\CodeIgniter->run()
 8 SYSTEMPATH\Commands\Server\rewrite.php(47): require_once('C:\\Users\\tailo\\OneDrive\\Escritorio\\proyecto\\public\\index.php')
CRITICAL - 2023-11-16 17:37:20 --> The route for "admin/mostrarR" cannot be found.
in SYSTEMPATH\HTTP\RedirectResponse.php on line 60.
 1 SYSTEMPATH\HTTP\RedirectResponse.php(60): CodeIgniter\HTTP\Exceptions\HTTPException::forInvalidRedirectRoute('admin/mostrarR')
 2 SYSTEMPATH\Common.php(878): CodeIgniter\HTTP\RedirectResponse->route(false)
 3 APPPATH\Controllers\Admin.php(81): redirect('admin/mostrarR', 'refresh')
 4 SYSTEMPATH\CodeIgniter.php(919): App\Controllers\Admin->insert()
 5 SYSTEMPATH\CodeIgniter.php(494): CodeIgniter\CodeIgniter->runController(Object(App\Controllers\Admin))
 6 SYSTEMPATH\CodeIgniter.php(353): CodeIgniter\CodeIgniter->handleRequest(null, Object(Config\Cache), false)
 7 FCPATH\index.php(79): CodeIgniter\CodeIgniter->run()
 8 SYSTEMPATH\Commands\Server\rewrite.php(47): require_once('C:\\Users\\tailo\\OneDrive\\Escritorio\\proyecto\\public\\index.php')
