ERROR - 2023-11-28 06:53:16 --> mysqli_sql_exception: Unknown column 'paquete.idRuta' in 'where clause' in C:\Users\tailo\OneDrive\Escritorio\proyecto\system\Database\MySQLi\Connection.php:306
Stack trace:
#0 C:\Users\tailo\OneDrive\Escritorio\proyecto\system\Database\MySQLi\Connection.php(306): mysqli->query('SELECT paquete....', 0)
#1 C:\Users\tailo\OneDrive\Escritorio\proyecto\system\Database\BaseConnection.php(692): CodeIgniter\Database\MySQLi\Connection->execute('SELECT paquete....')
#2 C:\Users\tailo\OneDrive\Escritorio\proyecto\system\Database\BaseConnection.php(606): CodeIgniter\Database\BaseConnection->simpleQuery('SELECT paquete....')
#3 C:\Users\tailo\OneDrive\Escritorio\proyecto\app\Controllers\Admin.php(127): CodeIgniter\Database\BaseConnection->query('SELECT paquete....')
#4 C:\Users\tailo\OneDrive\Escritorio\proyecto\system\CodeIgniter.php(919): App\Controllers\Admin->mostrarPaquetes()
#5 C:\Users\tailo\OneDrive\Escritorio\proyecto\system\CodeIgniter.php(494): CodeIgniter\CodeIgniter->runController(Object(App\Controllers\Admin))
#6 C:\Users\tailo\OneDrive\Escritorio\proyecto\system\CodeIgniter.php(353): CodeIgniter\CodeIgniter->handleRequest(NULL, Object(Config\Cache), false)
#7 C:\Users\tailo\OneDrive\Escritorio\proyecto\public\index.php(79): CodeIgniter\CodeIgniter->run()
#8 C:\Users\tailo\OneDrive\Escritorio\proyecto\system\Commands\Server\rewrite.php(47): require_once('C:\\Users\\tailo\\...')
#9 {main}
CRITICAL - 2023-11-28 06:53:16 --> Unknown column 'paquete.idRuta' in 'where clause'
in SYSTEMPATH\Database\BaseConnection.php on line 646.
 1 APPPATH\Controllers\Admin.php(127): CodeIgniter\Database\BaseConnection->query('SELECT paquete.*, ruta.ruta
            FROM paquete, ruta 
            where paquete.idRuta = ruta.idRuta')
 2 SYSTEMPATH\CodeIgniter.php(919): App\Controllers\Admin->mostrarPaquetes()
 3 SYSTEMPATH\CodeIgniter.php(494): CodeIgniter\CodeIgniter->runController(Object(App\Controllers\Admin))
 4 SYSTEMPATH\CodeIgniter.php(353): CodeIgniter\CodeIgniter->handleRequest(null, Object(Config\Cache), false)
 5 FCPATH\index.php(79): CodeIgniter\CodeIgniter->run()
 6 SYSTEMPATH\Commands\Server\rewrite.php(47): require_once('C:\\Users\\tailo\\OneDrive\\Escritorio\\proyecto\\public\\index.php')
CRITICAL - 2023-11-28 06:54:37 --> Undefined variable $data1
in APPPATH\Controllers\Admin.php on line 129.
 1 APPPATH\Controllers\Admin.php(129): CodeIgniter\Debug\Exceptions->errorHandler(2, 'Undefined variable $data1', 'C:\\Users\\tailo\\OneDrive\\Escritorio\\proyecto\\app\\Controllers\\Admin.php', 129)
 2 SYSTEMPATH\CodeIgniter.php(919): App\Controllers\Admin->mostrarPaquetes()
 3 SYSTEMPATH\CodeIgniter.php(494): CodeIgniter\CodeIgniter->runController(Object(App\Controllers\Admin))
 4 SYSTEMPATH\CodeIgniter.php(353): CodeIgniter\CodeIgniter->handleRequest(null, Object(Config\Cache), false)
 5 FCPATH\index.php(79): CodeIgniter\CodeIgniter->run()
 6 SYSTEMPATH\Commands\Server\rewrite.php(47): require_once('C:\\Users\\tailo\\OneDrive\\Escritorio\\proyecto\\public\\index.php')
CRITICAL - 2023-11-28 07:06:08 --> Undefined variable $comparativas
in APPPATH\Views\admin\mostrarP.php on line 18.
 1 APPPATH\Views\admin\mostrarP.php(18): CodeIgniter\Debug\Exceptions->errorHandler(2, 'Undefined variable $comparativas', 'C:\\Users\\tailo\\OneDrive\\Escritorio\\proyecto\\app\\Views\\admin\\mostrarP.php', 18)
 2 SYSTEMPATH\View\View.php(226): include('C:\\Users\\tailo\\OneDrive\\Escritorio\\proyecto\\app\\Views\\admin\\mostrarP.php')
 3 SYSTEMPATH\View\View.php(229): CodeIgniter\View\View->CodeIgniter\View\{closure}()
 4 SYSTEMPATH\Common.php(1188): CodeIgniter\View\View->render('admin/mostrarP', [...], true)
 5 APPPATH\Controllers\Admin.php(131): view('admin/mostrarP', [...], [...])
 6 SYSTEMPATH\CodeIgniter.php(919): App\Controllers\Admin->mostrarPaquetes()
 7 SYSTEMPATH\CodeIgniter.php(494): CodeIgniter\CodeIgniter->runController(Object(App\Controllers\Admin))
 8 SYSTEMPATH\CodeIgniter.php(353): CodeIgniter\CodeIgniter->handleRequest(null, Object(Config\Cache), false)
 9 FCPATH\index.php(79): CodeIgniter\CodeIgniter->run()
10 SYSTEMPATH\Commands\Server\rewrite.php(47): require_once('C:\\Users\\tailo\\OneDrive\\Escritorio\\proyecto\\public\\index.php')
CRITICAL - 2023-11-28 07:31:23 --> Call to a member function deletePaquetes() on null
in APPPATH\Controllers\Admin.php on line 165.
 1 SYSTEMPATH\CodeIgniter.php(919): App\Controllers\Admin->deletePaquetes('6')
 2 SYSTEMPATH\CodeIgniter.php(494): CodeIgniter\CodeIgniter->runController(Object(App\Controllers\Admin))
 3 SYSTEMPATH\CodeIgniter.php(353): CodeIgniter\CodeIgniter->handleRequest(null, Object(Config\Cache), false)
 4 FCPATH\index.php(79): CodeIgniter\CodeIgniter->run()
 5 SYSTEMPATH\Commands\Server\rewrite.php(47): require_once('C:\\Users\\tailo\\OneDrive\\Escritorio\\proyecto\\public\\index.php')
CRITICAL - 2023-11-28 07:31:51 --> Call to a member function deletePaquete() on null
in APPPATH\Controllers\Admin.php on line 165.
 1 SYSTEMPATH\CodeIgniter.php(919): App\Controllers\Admin->deletePaquete('6')
 2 SYSTEMPATH\CodeIgniter.php(494): CodeIgniter\CodeIgniter->runController(Object(App\Controllers\Admin))
 3 SYSTEMPATH\CodeIgniter.php(353): CodeIgniter\CodeIgniter->handleRequest(null, Object(Config\Cache), false)
 4 FCPATH\index.php(79): CodeIgniter\CodeIgniter->run()
 5 SYSTEMPATH\Commands\Server\rewrite.php(47): require_once('C:\\Users\\tailo\\OneDrive\\Escritorio\\proyecto\\public\\index.php')
CRITICAL - 2023-11-28 07:32:41 --> Call to a member function delete() on null
in APPPATH\Controllers\Admin.php on line 165.
 1 SYSTEMPATH\CodeIgniter.php(919): App\Controllers\Admin->deletePaquete('6')
 2 SYSTEMPATH\CodeIgniter.php(494): CodeIgniter\CodeIgniter->runController(Object(App\Controllers\Admin))
 3 SYSTEMPATH\CodeIgniter.php(353): CodeIgniter\CodeIgniter->handleRequest(null, Object(Config\Cache), false)
 4 FCPATH\index.php(79): CodeIgniter\CodeIgniter->run()
 5 SYSTEMPATH\Commands\Server\rewrite.php(47): require_once('C:\\Users\\tailo\\OneDrive\\Escritorio\\proyecto\\public\\index.php')
CRITICAL - 2023-11-28 07:34:35 --> Cannot redeclare App\Controllers\Admin::delete()
in APPPATH\Controllers\Admin.php on line 162.
 1 [internal function]: CodeIgniter\Debug\Exceptions->shutdownHandler()
CRITICAL - 2023-11-28 07:34:35 --> Cannot redeclare App\Controllers\Admin::delete()
in APPPATH\Controllers\Admin.php on line 162.
 1 [internal function]: CodeIgniter\Debug\Exceptions->shutdownHandler()
CRITICAL - 2023-11-28 07:34:51 --> Call to a member function deleteP() on null
in APPPATH\Controllers\Admin.php on line 165.
 1 SYSTEMPATH\CodeIgniter.php(919): App\Controllers\Admin->deleteP('6')
 2 SYSTEMPATH\CodeIgniter.php(494): CodeIgniter\CodeIgniter->runController(Object(App\Controllers\Admin))
 3 SYSTEMPATH\CodeIgniter.php(353): CodeIgniter\CodeIgniter->handleRequest(null, Object(Config\Cache), false)
 4 FCPATH\index.php(79): CodeIgniter\CodeIgniter->run()
 5 SYSTEMPATH\Commands\Server\rewrite.php(47): require_once('C:\\Users\\tailo\\OneDrive\\Escritorio\\proyecto\\public\\index.php')
CRITICAL - 2023-11-28 07:39:54 --> Call to a member function deleteP() on null
in APPPATH\Controllers\Admin.php on line 165.
 1 SYSTEMPATH\CodeIgniter.php(919): App\Controllers\Admin->deleteP('6')
 2 SYSTEMPATH\CodeIgniter.php(494): CodeIgniter\CodeIgniter->runController(Object(App\Controllers\Admin))
 3 SYSTEMPATH\CodeIgniter.php(353): CodeIgniter\CodeIgniter->handleRequest(null, Object(Config\Cache), false)
 4 FCPATH\index.php(79): CodeIgniter\CodeIgniter->run()
 5 SYSTEMPATH\Commands\Server\rewrite.php(47): require_once('C:\\Users\\tailo\\OneDrive\\Escritorio\\proyecto\\public\\index.php')
CRITICAL - 2023-11-28 07:40:39 --> Call to a member function deleteP() on null
in APPPATH\Controllers\Admin.php on line 165.
 1 SYSTEMPATH\CodeIgniter.php(919): App\Controllers\Admin->deleteP('6')
 2 SYSTEMPATH\CodeIgniter.php(494): CodeIgniter\CodeIgniter->runController(Object(App\Controllers\Admin))
 3 SYSTEMPATH\CodeIgniter.php(353): CodeIgniter\CodeIgniter->handleRequest(null, Object(Config\Cache), false)
 4 FCPATH\index.php(79): CodeIgniter\CodeIgniter->run()
 5 SYSTEMPATH\Commands\Server\rewrite.php(47): require_once('C:\\Users\\tailo\\OneDrive\\Escritorio\\proyecto\\public\\index.php')
CRITICAL - 2023-11-28 07:43:05 --> Call to undefined method App\Models\PaquetesModel::deleteP
in SYSTEMPATH\Model.php on line 873.
 1 APPPATH\Controllers\Admin.php(165): CodeIgniter\Model->__call('deleteP', [...])
 2 SYSTEMPATH\CodeIgniter.php(919): App\Controllers\Admin->deleteP('6')
 3 SYSTEMPATH\CodeIgniter.php(494): CodeIgniter\CodeIgniter->runController(Object(App\Controllers\Admin))
 4 SYSTEMPATH\CodeIgniter.php(353): CodeIgniter\CodeIgniter->handleRequest(null, Object(Config\Cache), false)
 5 FCPATH\index.php(79): CodeIgniter\CodeIgniter->run()
 6 SYSTEMPATH\Commands\Server\rewrite.php(47): require_once('C:\\Users\\tailo\\OneDrive\\Escritorio\\proyecto\\public\\index.php')
CRITICAL - 2023-11-28 07:43:18 --> Call to undefined method App\Models\PaquetesModel::deleteP
in SYSTEMPATH\Model.php on line 873.
 1 APPPATH\Controllers\Admin.php(165): CodeIgniter\Model->__call('deleteP', [...])
 2 SYSTEMPATH\CodeIgniter.php(919): App\Controllers\Admin->deleteP('6')
 3 SYSTEMPATH\CodeIgniter.php(494): CodeIgniter\CodeIgniter->runController(Object(App\Controllers\Admin))
 4 SYSTEMPATH\CodeIgniter.php(353): CodeIgniter\CodeIgniter->handleRequest(null, Object(Config\Cache), false)
 5 FCPATH\index.php(79): CodeIgniter\CodeIgniter->run()
 6 SYSTEMPATH\Commands\Server\rewrite.php(47): require_once('C:\\Users\\tailo\\OneDrive\\Escritorio\\proyecto\\public\\index.php')
CRITICAL - 2023-11-28 08:33:45 --> Invalid file: "common/barraNav.php"
in SYSTEMPATH\Exceptions\FrameworkException.php on line 39.
 1 SYSTEMPATH\View\View.php(214): CodeIgniter\Exceptions\FrameworkException::forInvalidFile('common/barraNav.php')
 2 SYSTEMPATH\Common.php(1188): CodeIgniter\View\View->render('common/barraNav', [], true)
 3 APPPATH\Controllers\Admin.php(175): view('common/barraNav')
 4 SYSTEMPATH\CodeIgniter.php(919): App\Controllers\Admin->editarP('7')
 5 SYSTEMPATH\CodeIgniter.php(494): CodeIgniter\CodeIgniter->runController(Object(App\Controllers\Admin))
 6 SYSTEMPATH\CodeIgniter.php(353): CodeIgniter\CodeIgniter->handleRequest(null, Object(Config\Cache), false)
 7 FCPATH\index.php(79): CodeIgniter\CodeIgniter->run()
 8 SYSTEMPATH\Commands\Server\rewrite.php(47): require_once('C:\\Users\\tailo\\OneDrive\\Escritorio\\proyecto\\public\\index.php')
CRITICAL - 2023-11-28 08:34:02 --> Undefined variable $paquete
in APPPATH\Views\admin\editar_paq.php on line 13.
 1 APPPATH\Views\admin\editar_paq.php(13): CodeIgniter\Debug\Exceptions->errorHandler(2, 'Undefined variable $paquete', 'C:\\Users\\tailo\\OneDrive\\Escritorio\\proyecto\\app\\Views\\admin\\editar_paq.php', 13)
 2 SYSTEMPATH\View\View.php(226): include('C:\\Users\\tailo\\OneDrive\\Escritorio\\proyecto\\app\\Views\\admin\\editar_paq.php')
 3 SYSTEMPATH\View\View.php(229): CodeIgniter\View\View->CodeIgniter\View\{closure}()
 4 SYSTEMPATH\Common.php(1188): CodeIgniter\View\View->render('admin/editar_paq', [], true)
 5 APPPATH\Controllers\Admin.php(176): view('admin/editar_paq', [...])
 6 SYSTEMPATH\CodeIgniter.php(919): App\Controllers\Admin->editarP('7')
 7 SYSTEMPATH\CodeIgniter.php(494): CodeIgniter\CodeIgniter->runController(Object(App\Controllers\Admin))
 8 SYSTEMPATH\CodeIgniter.php(353): CodeIgniter\CodeIgniter->handleRequest(null, Object(Config\Cache), false)
 9 FCPATH\index.php(79): CodeIgniter\CodeIgniter->run()
10 SYSTEMPATH\Commands\Server\rewrite.php(47): require_once('C:\\Users\\tailo\\OneDrive\\Escritorio\\proyecto\\public\\index.php')
CRITICAL - 2023-11-28 08:34:32 --> Undefined array key "idML"
in APPPATH\Controllers\Admin.php on line 184.
 1 APPPATH\Controllers\Admin.php(184): CodeIgniter\Debug\Exceptions->errorHandler(2, 'Undefined array key "idML"', 'C:\\Users\\tailo\\OneDrive\\Escritorio\\proyecto\\app\\Controllers\\Admin.php', 184)
 2 SYSTEMPATH\CodeIgniter.php(919): App\Controllers\Admin->updateP()
 3 SYSTEMPATH\CodeIgniter.php(494): CodeIgniter\CodeIgniter->runController(Object(App\Controllers\Admin))
 4 SYSTEMPATH\CodeIgniter.php(353): CodeIgniter\CodeIgniter->handleRequest(null, Object(Config\Cache), false)
 5 FCPATH\index.php(79): CodeIgniter\CodeIgniter->run()
 6 SYSTEMPATH\Commands\Server\rewrite.php(47): require_once('C:\\Users\\tailo\\OneDrive\\Escritorio\\proyecto\\public\\index.php')
CRITICAL - 2023-11-28 08:35:16 --> Undefined array key "idML"
in APPPATH\Controllers\Admin.php on line 184.
 1 APPPATH\Controllers\Admin.php(184): CodeIgniter\Debug\Exceptions->errorHandler(2, 'Undefined array key "idML"', 'C:\\Users\\tailo\\OneDrive\\Escritorio\\proyecto\\app\\Controllers\\Admin.php', 184)
 2 SYSTEMPATH\CodeIgniter.php(919): App\Controllers\Admin->updateP()
 3 SYSTEMPATH\CodeIgniter.php(494): CodeIgniter\CodeIgniter->runController(Object(App\Controllers\Admin))
 4 SYSTEMPATH\CodeIgniter.php(353): CodeIgniter\CodeIgniter->handleRequest(null, Object(Config\Cache), false)
 5 FCPATH\index.php(79): CodeIgniter\CodeIgniter->run()
 6 SYSTEMPATH\Commands\Server\rewrite.php(47): require_once('C:\\Users\\tailo\\OneDrive\\Escritorio\\proyecto\\public\\index.php')
CRITICAL - 2023-11-28 08:35:25 --> Undefined array key "idPk"
in APPPATH\Controllers\Admin.php on line 187.
 1 APPPATH\Controllers\Admin.php(187): CodeIgniter\Debug\Exceptions->errorHandler(2, 'Undefined array key "idPk"', 'C:\\Users\\tailo\\OneDrive\\Escritorio\\proyecto\\app\\Controllers\\Admin.php', 187)
 2 SYSTEMPATH\CodeIgniter.php(919): App\Controllers\Admin->updateP()
 3 SYSTEMPATH\CodeIgniter.php(494): CodeIgniter\CodeIgniter->runController(Object(App\Controllers\Admin))
 4 SYSTEMPATH\CodeIgniter.php(353): CodeIgniter\CodeIgniter->handleRequest(null, Object(Config\Cache), false)
 5 FCPATH\index.php(79): CodeIgniter\CodeIgniter->run()
 6 SYSTEMPATH\Commands\Server\rewrite.php(47): require_once('C:\\Users\\tailo\\OneDrive\\Escritorio\\proyecto\\public\\index.php')
CRITICAL - 2023-11-28 08:36:49 --> Undefined array key "idPk"
in APPPATH\Controllers\Admin.php on line 187.
 1 APPPATH\Controllers\Admin.php(187): CodeIgniter\Debug\Exceptions->errorHandler(2, 'Undefined array key "idPk"', 'C:\\Users\\tailo\\OneDrive\\Escritorio\\proyecto\\app\\Controllers\\Admin.php', 187)
 2 SYSTEMPATH\CodeIgniter.php(919): App\Controllers\Admin->updateP()
 3 SYSTEMPATH\CodeIgniter.php(494): CodeIgniter\CodeIgniter->runController(Object(App\Controllers\Admin))
 4 SYSTEMPATH\CodeIgniter.php(353): CodeIgniter\CodeIgniter->handleRequest(null, Object(Config\Cache), false)
 5 FCPATH\index.php(79): CodeIgniter\CodeIgniter->run()
 6 SYSTEMPATH\Commands\Server\rewrite.php(47): require_once('C:\\Users\\tailo\\OneDrive\\Escritorio\\proyecto\\public\\index.php')
CRITICAL - 2023-11-28 08:38:04 --> Undefined array key "idPk"
in APPPATH\Controllers\Admin.php on line 187.
 1 APPPATH\Controllers\Admin.php(187): CodeIgniter\Debug\Exceptions->errorHandler(2, 'Undefined array key "idPk"', 'C:\\Users\\tailo\\OneDrive\\Escritorio\\proyecto\\app\\Controllers\\Admin.php', 187)
 2 SYSTEMPATH\CodeIgniter.php(919): App\Controllers\Admin->updateP()
 3 SYSTEMPATH\CodeIgniter.php(494): CodeIgniter\CodeIgniter->runController(Object(App\Controllers\Admin))
 4 SYSTEMPATH\CodeIgniter.php(353): CodeIgniter\CodeIgniter->handleRequest(null, Object(Config\Cache), false)
 5 FCPATH\index.php(79): CodeIgniter\CodeIgniter->run()
 6 SYSTEMPATH\Commands\Server\rewrite.php(47): require_once('C:\\Users\\tailo\\OneDrive\\Escritorio\\proyecto\\public\\index.php')
CRITICAL - 2023-11-28 08:43:42 --> Undefined array key "idPk"
in APPPATH\Controllers\Admin.php on line 187.
 1 APPPATH\Controllers\Admin.php(187): CodeIgniter\Debug\Exceptions->errorHandler(2, 'Undefined array key "idPk"', 'C:\\Users\\tailo\\OneDrive\\Escritorio\\proyecto\\app\\Controllers\\Admin.php', 187)
 2 SYSTEMPATH\CodeIgniter.php(919): App\Controllers\Admin->updateP()
 3 SYSTEMPATH\CodeIgniter.php(494): CodeIgniter\CodeIgniter->runController(Object(App\Controllers\Admin))
 4 SYSTEMPATH\CodeIgniter.php(353): CodeIgniter\CodeIgniter->handleRequest(null, Object(Config\Cache), false)
 5 FCPATH\index.php(79): CodeIgniter\CodeIgniter->run()
 6 SYSTEMPATH\Commands\Server\rewrite.php(47): require_once('C:\\Users\\tailo\\OneDrive\\Escritorio\\proyecto\\public\\index.php')
CRITICAL - 2023-11-28 08:47:12 --> Undefined array key "idPk"
in APPPATH\Controllers\Admin.php on line 187.
 1 APPPATH\Controllers\Admin.php(187): CodeIgniter\Debug\Exceptions->errorHandler(2, 'Undefined array key "idPk"', 'C:\\Users\\tailo\\OneDrive\\Escritorio\\proyecto\\app\\Controllers\\Admin.php', 187)
 2 SYSTEMPATH\CodeIgniter.php(919): App\Controllers\Admin->updateP()
 3 SYSTEMPATH\CodeIgniter.php(494): CodeIgniter\CodeIgniter->runController(Object(App\Controllers\Admin))
 4 SYSTEMPATH\CodeIgniter.php(353): CodeIgniter\CodeIgniter->handleRequest(null, Object(Config\Cache), false)
 5 FCPATH\index.php(79): CodeIgniter\CodeIgniter->run()
 6 SYSTEMPATH\Commands\Server\rewrite.php(47): require_once('C:\\Users\\tailo\\OneDrive\\Escritorio\\proyecto\\public\\index.php')
CRITICAL - 2023-11-28 09:53:32 --> The route for "admin/mostrarCarro" cannot be found.
in SYSTEMPATH\HTTP\RedirectResponse.php on line 60.
 1 SYSTEMPATH\HTTP\RedirectResponse.php(60): CodeIgniter\HTTP\Exceptions\HTTPException::forInvalidRedirectRoute('admin/mostrarCarro')
 2 SYSTEMPATH\Common.php(878): CodeIgniter\HTTP\RedirectResponse->route(false)
 3 APPPATH\Controllers\Admin.php(67): redirect('admin/mostrarCarro', 'refresh')
 4 SYSTEMPATH\CodeIgniter.php(919): App\Controllers\Admin->insert()
 5 SYSTEMPATH\CodeIgniter.php(494): CodeIgniter\CodeIgniter->runController(Object(App\Controllers\Admin))
 6 SYSTEMPATH\CodeIgniter.php(353): CodeIgniter\CodeIgniter->handleRequest(null, Object(Config\Cache), false)
 7 FCPATH\index.php(79): CodeIgniter\CodeIgniter->run()
 8 SYSTEMPATH\Commands\Server\rewrite.php(47): require_once('C:\\Users\\tailo\\OneDrive\\Escritorio\\proyecto\\public\\index.php')
CRITICAL - 2023-11-28 09:55:28 --> Undefined variable $comparativas
in APPPATH\Views\admin\mostrarP.php on line 25.
 1 APPPATH\Views\admin\mostrarP.php(25): CodeIgniter\Debug\Exceptions->errorHandler(2, 'Undefined variable $comparativas', 'C:\\Users\\tailo\\OneDrive\\Escritorio\\proyecto\\app\\Views\\admin\\mostrarP.php', 25)
 2 SYSTEMPATH\View\View.php(226): include('C:\\Users\\tailo\\OneDrive\\Escritorio\\proyecto\\app\\Views\\admin\\mostrarP.php')
 3 SYSTEMPATH\View\View.php(229): CodeIgniter\View\View->CodeIgniter\View\{closure}()
 4 SYSTEMPATH\Common.php(1188): CodeIgniter\View\View->render('admin/mostrarP', [], true)
 5 APPPATH\Controllers\Admin.php(212): view('admin/mostrarP', [...])
 6 SYSTEMPATH\CodeIgniter.php(919): App\Controllers\Admin->mostrarCarro()
 7 SYSTEMPATH\CodeIgniter.php(494): CodeIgniter\CodeIgniter->runController(Object(App\Controllers\Admin))
 8 SYSTEMPATH\CodeIgniter.php(353): CodeIgniter\CodeIgniter->handleRequest(null, Object(Config\Cache), false)
 9 FCPATH\index.php(79): CodeIgniter\CodeIgniter->run()
10 SYSTEMPATH\Commands\Server\rewrite.php(47): require_once('C:\\Users\\tailo\\OneDrive\\Escritorio\\proyecto\\public\\index.php')
CRITICAL - 2023-11-28 09:56:18 --> Undefined variable $comparativas
in APPPATH\Views\admin\mostrarP.php on line 25.
 1 APPPATH\Views\admin\mostrarP.php(25): CodeIgniter\Debug\Exceptions->errorHandler(2, 'Undefined variable $comparativas', 'C:\\Users\\tailo\\OneDrive\\Escritorio\\proyecto\\app\\Views\\admin\\mostrarP.php', 25)
 2 SYSTEMPATH\View\View.php(226): include('C:\\Users\\tailo\\OneDrive\\Escritorio\\proyecto\\app\\Views\\admin\\mostrarP.php')
 3 SYSTEMPATH\View\View.php(229): CodeIgniter\View\View->CodeIgniter\View\{closure}()
 4 SYSTEMPATH\Common.php(1188): CodeIgniter\View\View->render('admin/mostrarP', [], true)
 5 APPPATH\Controllers\Admin.php(212): view('admin/mostrarP', [...])
 6 SYSTEMPATH\CodeIgniter.php(919): App\Controllers\Admin->mostrarCarro()
 7 SYSTEMPATH\CodeIgniter.php(494): CodeIgniter\CodeIgniter->runController(Object(App\Controllers\Admin))
 8 SYSTEMPATH\CodeIgniter.php(353): CodeIgniter\CodeIgniter->handleRequest(null, Object(Config\Cache), false)
 9 FCPATH\index.php(79): CodeIgniter\CodeIgniter->run()
10 SYSTEMPATH\Commands\Server\rewrite.php(47): require_once('C:\\Users\\tailo\\OneDrive\\Escritorio\\proyecto\\public\\index.php')
CRITICAL - 2023-11-28 09:57:01 --> Undefined variable $Carros
in APPPATH\Views\admin\mostrar_carro.php on line 16.
 1 APPPATH\Views\admin\mostrar_carro.php(16): CodeIgniter\Debug\Exceptions->errorHandler(2, 'Undefined variable $Carros', 'C:\\Users\\tailo\\OneDrive\\Escritorio\\proyecto\\app\\Views\\admin\\mostrar_carro.php', 16)
 2 SYSTEMPATH\View\View.php(226): include('C:\\Users\\tailo\\OneDrive\\Escritorio\\proyecto\\app\\Views\\admin\\mostrar_carro.php')
 3 SYSTEMPATH\View\View.php(229): CodeIgniter\View\View->CodeIgniter\View\{closure}()
 4 SYSTEMPATH\Common.php(1188): CodeIgniter\View\View->render('admin/mostrar_carro', [], true)
 5 APPPATH\Controllers\Admin.php(212): view('admin/mostrar_carro', [...])
 6 SYSTEMPATH\CodeIgniter.php(919): App\Controllers\Admin->mostrarCarro()
 7 SYSTEMPATH\CodeIgniter.php(494): CodeIgniter\CodeIgniter->runController(Object(App\Controllers\Admin))
 8 SYSTEMPATH\CodeIgniter.php(353): CodeIgniter\CodeIgniter->handleRequest(null, Object(Config\Cache), false)
 9 FCPATH\index.php(79): CodeIgniter\CodeIgniter->run()
10 SYSTEMPATH\Commands\Server\rewrite.php(47): require_once('C:\\Users\\tailo\\OneDrive\\Escritorio\\proyecto\\public\\index.php')
CRITICAL - 2023-11-28 10:02:35 --> The route for "admin/agregar_carro" cannot be found.
in SYSTEMPATH\HTTP\RedirectResponse.php on line 60.
 1 SYSTEMPATH\HTTP\RedirectResponse.php(60): CodeIgniter\HTTP\Exceptions\HTTPException::forInvalidRedirectRoute('admin/agregar_carro')
 2 SYSTEMPATH\Common.php(878): CodeIgniter\HTTP\RedirectResponse->route(false)
 3 APPPATH\Controllers\Admin.php(67): redirect('admin/agregar_carro')
 4 SYSTEMPATH\CodeIgniter.php(919): App\Controllers\Admin->insert()
 5 SYSTEMPATH\CodeIgniter.php(494): CodeIgniter\CodeIgniter->runController(Object(App\Controllers\Admin))
 6 SYSTEMPATH\CodeIgniter.php(353): CodeIgniter\CodeIgniter->handleRequest(null, Object(Config\Cache), false)
 7 FCPATH\index.php(79): CodeIgniter\CodeIgniter->run()
 8 SYSTEMPATH\Commands\Server\rewrite.php(47): require_once('C:\\Users\\tailo\\OneDrive\\Escritorio\\proyecto\\public\\index.php')
CRITICAL - 2023-11-28 10:02:43 --> The route for "admin/agregar_carro" cannot be found.
in SYSTEMPATH\HTTP\RedirectResponse.php on line 60.
 1 SYSTEMPATH\HTTP\RedirectResponse.php(60): CodeIgniter\HTTP\Exceptions\HTTPException::forInvalidRedirectRoute('admin/agregar_carro')
 2 SYSTEMPATH\Common.php(878): CodeIgniter\HTTP\RedirectResponse->route(false)
 3 APPPATH\Controllers\Admin.php(67): redirect('admin/agregar_carro')
 4 SYSTEMPATH\CodeIgniter.php(919): App\Controllers\Admin->insert()
 5 SYSTEMPATH\CodeIgniter.php(494): CodeIgniter\CodeIgniter->runController(Object(App\Controllers\Admin))
 6 SYSTEMPATH\CodeIgniter.php(353): CodeIgniter\CodeIgniter->handleRequest(null, Object(Config\Cache), false)
 7 FCPATH\index.php(79): CodeIgniter\CodeIgniter->run()
 8 SYSTEMPATH\Commands\Server\rewrite.php(47): require_once('C:\\Users\\tailo\\OneDrive\\Escritorio\\proyecto\\public\\index.php')
CRITICAL - 2023-11-28 10:04:46 --> Undefined variable $data2
in APPPATH\Controllers\Admin.php on line 221.
 1 APPPATH\Controllers\Admin.php(221): CodeIgniter\Debug\Exceptions->errorHandler(2, 'Undefined variable $data2', 'C:\\Users\\tailo\\OneDrive\\Escritorio\\proyecto\\app\\Controllers\\Admin.php', 221)
 2 SYSTEMPATH\CodeIgniter.php(919): App\Controllers\Admin->agregarCarro()
 3 SYSTEMPATH\CodeIgniter.php(494): CodeIgniter\CodeIgniter->runController(Object(App\Controllers\Admin))
 4 SYSTEMPATH\CodeIgniter.php(353): CodeIgniter\CodeIgniter->handleRequest(null, Object(Config\Cache), false)
 5 FCPATH\index.php(79): CodeIgniter\CodeIgniter->run()
 6 SYSTEMPATH\Commands\Server\rewrite.php(47): require_once('C:\\Users\\tailo\\OneDrive\\Escritorio\\proyecto\\public\\index.php')
CRITICAL - 2023-11-28 10:05:53 --> Undefined variable $data2
in APPPATH\Controllers\Admin.php on line 224.
 1 APPPATH\Controllers\Admin.php(224): CodeIgniter\Debug\Exceptions->errorHandler(2, 'Undefined variable $data2', 'C:\\Users\\tailo\\OneDrive\\Escritorio\\proyecto\\app\\Controllers\\Admin.php', 224)
 2 SYSTEMPATH\CodeIgniter.php(919): App\Controllers\Admin->agregarCarro()
 3 SYSTEMPATH\CodeIgniter.php(494): CodeIgniter\CodeIgniter->runController(Object(App\Controllers\Admin))
 4 SYSTEMPATH\CodeIgniter.php(353): CodeIgniter\CodeIgniter->handleRequest(null, Object(Config\Cache), false)
 5 FCPATH\index.php(79): CodeIgniter\CodeIgniter->run()
 6 SYSTEMPATH\Commands\Server\rewrite.php(47): require_once('C:\\Users\\tailo\\OneDrive\\Escritorio\\proyecto\\public\\index.php')
CRITICAL - 2023-11-28 10:06:25 --> Undefined variable $data
in APPPATH\Controllers\Admin.php on line 224.
 1 APPPATH\Controllers\Admin.php(224): CodeIgniter\Debug\Exceptions->errorHandler(2, 'Undefined variable $data', 'C:\\Users\\tailo\\OneDrive\\Escritorio\\proyecto\\app\\Controllers\\Admin.php', 224)
 2 SYSTEMPATH\CodeIgniter.php(919): App\Controllers\Admin->agregarCarro()
 3 SYSTEMPATH\CodeIgniter.php(494): CodeIgniter\CodeIgniter->runController(Object(App\Controllers\Admin))
 4 SYSTEMPATH\CodeIgniter.php(353): CodeIgniter\CodeIgniter->handleRequest(null, Object(Config\Cache), false)
 5 FCPATH\index.php(79): CodeIgniter\CodeIgniter->run()
 6 SYSTEMPATH\Commands\Server\rewrite.php(47): require_once('C:\\Users\\tailo\\OneDrive\\Escritorio\\proyecto\\public\\index.php')
